This is pdfTeX, Version 3.141592653-2.6-1.40.22 (TeX Live 2022/dev/Debian) (preloaded format=pdflatex 2025.3.18)  11 APR 2025 14:40
entering extended mode
 restricted \write18 enabled.
 %&-line parsing enabled.
**main.tex
(./main.tex
LaTeX2e <2021-11-15> patch level 1
L3 programming layer <2022-01-21>
(/usr/share/texlive/texmf-dist/tex/latex/extsizes/extarticle.cls
Document Class: extarticle 1996/10/08 v1.0 Non Standard LaTeX document class
(/usr/share/texlive/texmf-dist/tex/latex/extsizes/size14.clo
File: size14.clo 1999/11/11 v1.4a NON-Standard LaTeX file (size option)
)
(/usr/share/texlive/texmf-dist/tex/latex/base/exscale.sty
Package: exscale 2018/09/24 v2.1i Standard LaTeX package exscale
LaTeX Font Info:    Redeclaring symbol font `largesymbols' on input line 57.
LaTeX Font Info:    Overwriting symbol font `largesymbols' in version `normal'
(Font)                  OMX/cmex/m/n --> OMX/cmex/m/n on input line 57.
LaTeX Font Info:    Overwriting symbol font `largesymbols' in version `bold'
(Font)                  OMX/cmex/m/n --> OMX/cmex/m/n on input line 57.
\big@size=\dimen138
)
\c@part=\count185
\c@section=\count186
\c@subsection=\count187
\c@subsubsection=\count188
\c@paragraph=\count189
\c@subparagraph=\count190
\c@figure=\count191
\c@table=\count192
\abovecaptionskip=\skip47
\belowcaptionskip=\skip48
\bibindent=\dimen139
)
(/usr/share/texlive/texmf-dist/tex/latex/base/inputenc.sty
Package: inputenc 2021/02/14 v1.3d Input encoding file
\inpenc@prehook=\toks16
\inpenc@posthook=\toks17
)
(/usr/share/texlive/texmf-dist/tex/latex/base/fontenc.sty
Package: fontenc 2021/04/29 v2.0v Standard LaTeX package

(/usr/share/texlive/texmf-dist/tex/latex/cyrillic/t2aenc.def
File: t2aenc.def 2005/09/27 v1.0i Cyrillic encoding definition file
Now handling font encoding T2A ...
... processing UTF-8 mapping file for font encoding T2A

(/usr/share/texlive/texmf-dist/tex/latex/base/t2aenc.dfu
File: t2aenc.dfu 2021/06/21 v1.2n UTF-8 support
   defining Unicode char U+00A4 (decimal 164)
   defining Unicode char U+00A7 (decimal 167)
   defining Unicode char U+00AB (decimal 171)
   defining Unicode char U+00BB (decimal 187)
   defining Unicode char U+0131 (decimal 305)
   defining Unicode char U+0237 (decimal 567)
   defining Unicode char U+0400 (decimal 1024)
   defining Unicode char U+0401 (decimal 1025)
   defining Unicode char U+0402 (decimal 1026)
   defining Unicode char U+0403 (decimal 1027)
   defining Unicode char U+0404 (decimal 1028)
   defining Unicode char U+0405 (decimal 1029)
   defining Unicode char U+0406 (decimal 1030)
   defining Unicode char U+0407 (decimal 1031)
   defining Unicode char U+0408 (decimal 1032)
   defining Unicode char U+0409 (decimal 1033)
   defining Unicode char U+040A (decimal 1034)
   defining Unicode char U+040B (decimal 1035)
   defining Unicode char U+040C (decimal 1036)
   defining Unicode char U+040D (decimal 1037)
   defining Unicode char U+040E (decimal 1038)
   defining Unicode char U+040F (decimal 1039)
   defining Unicode char U+0410 (decimal 1040)
   defining Unicode char U+0411 (decimal 1041)
   defining Unicode char U+0412 (decimal 1042)
   defining Unicode char U+0413 (decimal 1043)
   defining Unicode char U+0414 (decimal 1044)
   defining Unicode char U+0415 (decimal 1045)
   defining Unicode char U+0416 (decimal 1046)
   defining Unicode char U+0417 (decimal 1047)
   defining Unicode char U+0418 (decimal 1048)
   defining Unicode char U+0419 (decimal 1049)
   defining Unicode char U+041A (decimal 1050)
   defining Unicode char U+041B (decimal 1051)
   defining Unicode char U+041C (decimal 1052)
   defining Unicode char U+041D (decimal 1053)
   defining Unicode char U+041E (decimal 1054)
   defining Unicode char U+041F (decimal 1055)
   defining Unicode char U+0420 (decimal 1056)
   defining Unicode char U+0421 (decimal 1057)
   defining Unicode char U+0422 (decimal 1058)
   defining Unicode char U+0423 (decimal 1059)
   defining Unicode char U+0424 (decimal 1060)
   defining Unicode char U+0425 (decimal 1061)
   defining Unicode char U+0426 (decimal 1062)
   defining Unicode char U+0427 (decimal 1063)
   defining Unicode char U+0428 (decimal 1064)
   defining Unicode char U+0429 (decimal 1065)
   defining Unicode char U+042A (decimal 1066)
   defining Unicode char U+042B (decimal 1067)
   defining Unicode char U+042C (decimal 1068)
   defining Unicode char U+042D (decimal 1069)
   defining Unicode char U+042E (decimal 1070)
   defining Unicode char U+042F (decimal 1071)
   defining Unicode char U+0430 (decimal 1072)
   defining Unicode char U+0431 (decimal 1073)
   defining Unicode char U+0432 (decimal 1074)
   defining Unicode char U+0433 (decimal 1075)
   defining Unicode char U+0434 (decimal 1076)
   defining Unicode char U+0435 (decimal 1077)
   defining Unicode char U+0436 (decimal 1078)
   defining Unicode char U+0437 (decimal 1079)
   defining Unicode char U+0438 (decimal 1080)
   defining Unicode char U+0439 (decimal 1081)
   defining Unicode char U+043A (decimal 1082)
   defining Unicode char U+043B (decimal 1083)
   defining Unicode char U+043C (decimal 1084)
   defining Unicode char U+043D (decimal 1085)
   defining Unicode char U+043E (decimal 1086)
   defining Unicode char U+043F (decimal 1087)
   defining Unicode char U+0440 (decimal 1088)
   defining Unicode char U+0441 (decimal 1089)
   defining Unicode char U+0442 (decimal 1090)
   defining Unicode char U+0443 (decimal 1091)
   defining Unicode char U+0444 (decimal 1092)
   defining Unicode char U+0445 (decimal 1093)
   defining Unicode char U+0446 (decimal 1094)
   defining Unicode char U+0447 (decimal 1095)
   defining Unicode char U+0448 (decimal 1096)
   defining Unicode char U+0449 (decimal 1097)
   defining Unicode char U+044A (decimal 1098)
   defining Unicode char U+044B (decimal 1099)
   defining Unicode char U+044C (decimal 1100)
   defining Unicode char U+044D (decimal 1101)
   defining Unicode char U+044E (decimal 1102)
   defining Unicode char U+044F (decimal 1103)
   defining Unicode char U+0450 (decimal 1104)
   defining Unicode char U+0451 (decimal 1105)
   defining Unicode char U+0452 (decimal 1106)
   defining Unicode char U+0453 (decimal 1107)
   defining Unicode char U+0454 (decimal 1108)
   defining Unicode char U+0455 (decimal 1109)
   defining Unicode char U+0456 (decimal 1110)
   defining Unicode char U+0457 (decimal 1111)
   defining Unicode char U+0458 (decimal 1112)
   defining Unicode char U+0459 (decimal 1113)
   defining Unicode char U+045A (decimal 1114)
   defining Unicode char U+045B (decimal 1115)
   defining Unicode char U+045C (decimal 1116)
   defining Unicode char U+045D (decimal 1117)
   defining Unicode char U+045E (decimal 1118)
   defining Unicode char U+045F (decimal 1119)
   defining Unicode char U+0490 (decimal 1168)
   defining Unicode char U+0491 (decimal 1169)
   defining Unicode char U+0492 (decimal 1170)
   defining Unicode char U+0493 (decimal 1171)
   defining Unicode char U+0496 (decimal 1174)
   defining Unicode char U+0497 (decimal 1175)
   defining Unicode char U+0498 (decimal 1176)
   defining Unicode char U+0499 (decimal 1177)
   defining Unicode char U+049A (decimal 1178)
   defining Unicode char U+049B (decimal 1179)
   defining Unicode char U+049C (decimal 1180)
   defining Unicode char U+049D (decimal 1181)
   defining Unicode char U+04A0 (decimal 1184)
   defining Unicode char U+04A1 (decimal 1185)
   defining Unicode char U+04A2 (decimal 1186)
   defining Unicode char U+04A3 (decimal 1187)
   defining Unicode char U+04A4 (decimal 1188)
   defining Unicode char U+04A5 (decimal 1189)
   defining Unicode char U+04AA (decimal 1194)
   defining Unicode char U+04AB (decimal 1195)
   defining Unicode char U+04AE (decimal 1198)
   defining Unicode char U+04AF (decimal 1199)
   defining Unicode char U+04B0 (decimal 1200)
   defining Unicode char U+04B1 (decimal 1201)
   defining Unicode char U+04B2 (decimal 1202)
   defining Unicode char U+04B3 (decimal 1203)
   defining Unicode char U+04B6 (decimal 1206)
   defining Unicode char U+04B7 (decimal 1207)
   defining Unicode char U+04B8 (decimal 1208)
   defining Unicode char U+04B9 (decimal 1209)
   defining Unicode char U+04BA (decimal 1210)
   defining Unicode char U+04BB (decimal 1211)
   defining Unicode char U+04C0 (decimal 1216)
   defining Unicode char U+04C1 (decimal 1217)
   defining Unicode char U+04C2 (decimal 1218)
   defining Unicode char U+04D0 (decimal 1232)
   defining Unicode char U+04D1 (decimal 1233)
   defining Unicode char U+04D2 (decimal 1234)
   defining Unicode char U+04D3 (decimal 1235)
   defining Unicode char U+04D4 (decimal 1236)
   defining Unicode char U+04D5 (decimal 1237)
   defining Unicode char U+04D6 (decimal 1238)
   defining Unicode char U+04D7 (decimal 1239)
   defining Unicode char U+04D8 (decimal 1240)
   defining Unicode char U+04D9 (decimal 1241)
   defining Unicode char U+04DA (decimal 1242)
   defining Unicode char U+04DB (decimal 1243)
   defining Unicode char U+04DC (decimal 1244)
   defining Unicode char U+04DD (decimal 1245)
   defining Unicode char U+04DE (decimal 1246)
   defining Unicode char U+04DF (decimal 1247)
   defining Unicode char U+04E2 (decimal 1250)
   defining Unicode char U+04E3 (decimal 1251)
   defining Unicode char U+04E4 (decimal 1252)
   defining Unicode char U+04E5 (decimal 1253)
   defining Unicode char U+04E6 (decimal 1254)
   defining Unicode char U+04E7 (decimal 1255)
   defining Unicode char U+04E8 (decimal 1256)
   defining Unicode char U+04E9 (decimal 1257)
   defining Unicode char U+04EC (decimal 1260)
   defining Unicode char U+04ED (decimal 1261)
   defining Unicode char U+04EE (decimal 1262)
   defining Unicode char U+04EF (decimal 1263)
   defining Unicode char U+04F0 (decimal 1264)
   defining Unicode char U+04F1 (decimal 1265)
   defining Unicode char U+04F2 (decimal 1266)
   defining Unicode char U+04F3 (decimal 1267)
   defining Unicode char U+04F4 (decimal 1268)
   defining Unicode char U+04F5 (decimal 1269)
   defining Unicode char U+04F8 (decimal 1272)
   defining Unicode char U+04F9 (decimal 1273)
   defining Unicode char U+200C (decimal 8204)
   defining Unicode char U+2013 (decimal 8211)
   defining Unicode char U+2014 (decimal 8212)
   defining Unicode char U+2018 (decimal 8216)
   defining Unicode char U+2019 (decimal 8217)
   defining Unicode char U+201C (decimal 8220)
   defining Unicode char U+201D (decimal 8221)
   defining Unicode char U+201E (decimal 8222)
   defining Unicode char U+2030 (decimal 8240)
   defining Unicode char U+2031 (decimal 8241)
   defining Unicode char U+2116 (decimal 8470)
   defining Unicode char U+2329 (decimal 9001)
   defining Unicode char U+232A (decimal 9002)
   defining Unicode char U+2423 (decimal 9251)
   defining Unicode char U+27E8 (decimal 10216)
   defining Unicode char U+27E9 (decimal 10217)
   defining Unicode char U+FB00 (decimal 64256)
   defining Unicode char U+FB01 (decimal 64257)
   defining Unicode char U+FB02 (decimal 64258)
   defining Unicode char U+FB03 (decimal 64259)
   defining Unicode char U+FB04 (decimal 64260)
   defining Unicode char U+FB05 (decimal 64261)
   defining Unicode char U+FB06 (decimal 64262)
))
LaTeX Font Info:    Trying to load font information for T2A+cmr on input line 1
12.

(/usr/share/texlive/texmf-dist/tex/latex/cyrillic/t2acmr.fd
File: t2acmr.fd 2001/08/11 v1.0a Computer Modern Cyrillic font definitions
))
(/usr/share/texlive/texmf-dist/tex/generic/babel/babel.sty
Package: babel 2022/01/26 3.70 The Babel package
\babel@savecnt=\count193
\U@D=\dimen140
\l@unhyphenated=\language12

(/usr/share/texlive/texmf-dist/tex/generic/babel/txtbabel.def)
\bbl@readstream=\read2
\bbl@dirlevel=\count194

(/usr/share/texlive/texmf-dist/tex/generic/babel-english/english.ldf
Language: english 2017/06/06 v3.3r English support from the babel system
Package babel Info: Hyphen rules for 'british' set to \l@english
(babel)             (\language0). Reported on input line 82.
Package babel Info: Hyphen rules for 'UKenglish' set to \l@english
(babel)             (\language0). Reported on input line 83.
Package babel Info: Hyphen rules for 'canadian' set to \l@english
(babel)             (\language0). Reported on input line 102.
Package babel Info: Hyphen rules for 'australian' set to \l@english
(babel)             (\language0). Reported on input line 105.
Package babel Info: Hyphen rules for 'newzealand' set to \l@english
(babel)             (\language0). Reported on input line 108.
))
(/usr/share/texlive/texmf-dist/tex/latex/setspace/setspace.sty
Package: setspace 2011/12/19 v6.7a set line spacing
)
(/usr/share/texlive/texmf-dist/tex/latex/lineno/lineno.sty
Package: lineno 2005/11/02 line numbers on paragraphs v4.41
\linenopenalty=\count195
\output=\toks18
\linenoprevgraf=\count196
\linenumbersep=\dimen141
\linenumberwidth=\dimen142
\c@linenumber=\count197
\c@pagewiselinenumber=\count198
\c@LN@truepage=\count199
\c@internallinenumber=\count266
\c@internallinenumbers=\count267
\quotelinenumbersep=\dimen143
\bframerule=\dimen144
\bframesep=\dimen145
\bframebox=\box50
LaTeX Info: Redefining \\ on input line 3056.
)
(/usr/share/texlive/texmf-dist/tex/latex/subfigure/subfigure.sty
Package: subfigure 2002/03/15 v2.1.5 subfigure package
\subfigtopskip=\skip49
\subfigcapskip=\skip50
\subfigcaptopadj=\dimen146
\subfigbottomskip=\skip51
\subfigcapmargin=\dimen147
\subfiglabelskip=\skip52
\c@subfigure=\count268
\c@lofdepth=\count269
\c@subtable=\count270
\c@lotdepth=\count271

****************************************
* Local config file subfigure.cfg used *
****************************************
(/usr/share/texlive/texmf-dist/tex/latex/subfigure/subfigure.cfg)
\subfig@top=\skip53
\subfig@bottom=\skip54
)
(/usr/share/texlive/texmf-dist/tex/latex/csquotes/csquotes.sty
Package: csquotes 2021-02-22 v5.2l context-sensitive quotations (JAW)

(/usr/share/texlive/texmf-dist/tex/latex/etoolbox/etoolbox.sty
Package: etoolbox 2020/10/05 v2.5k e-TeX tools for LaTeX (JAW)
\etb@tempcnta=\count272
)
(/usr/share/texlive/texmf-dist/tex/latex/graphics/keyval.sty
Package: keyval 2014/10/28 v1.15 key=value parser (DPC)
\KV@toks@=\toks19
)
\csq@reset=\count273
\csq@gtype=\count274
\csq@glevel=\count275
\csq@qlevel=\count276
\csq@maxlvl=\count277
\csq@tshold=\count278
\csq@ltx@everypar=\toks20

(/usr/share/texlive/texmf-dist/tex/latex/csquotes/csquotes.def
File: csquotes.def 2021-02-22 v5.2l csquotes generic definitions (JAW)
)
Package csquotes Info: Trying to load configuration file 'csquotes.cfg'...
Package csquotes Info: ... configuration file loaded successfully.

(/usr/share/texlive/texmf-dist/tex/latex/csquotes/csquotes.cfg
File: csquotes.cfg 
))
(/usr/share/texlive/texmf-dist/tex/latex/amsmath/amsmath.sty
Package: amsmath 2021/10/15 v2.17l AMS math features
\@mathmargin=\skip55

For additional information on amsmath, use the `?' option.
(/usr/share/texlive/texmf-dist/tex/latex/amsmath/amstext.sty
Package: amstext 2021/08/26 v2.01 AMS text

(/usr/share/texlive/texmf-dist/tex/latex/amsmath/amsgen.sty
File: amsgen.sty 1999/11/30 v2.0 generic functions
\@emptytoks=\toks21
\ex@=\dimen148
))
(/usr/share/texlive/texmf-dist/tex/latex/amsmath/amsbsy.sty
Package: amsbsy 1999/11/29 v1.2d Bold Symbols
\pmbraise@=\dimen149
)
(/usr/share/texlive/texmf-dist/tex/latex/amsmath/amsopn.sty
Package: amsopn 2021/08/26 v2.02 operator names
)
\inf@bad=\count279
LaTeX Info: Redefining \frac on input line 234.
\uproot@=\count280
\leftroot@=\count281
LaTeX Info: Redefining \overline on input line 399.
\classnum@=\count282
\DOTSCASE@=\count283
LaTeX Info: Redefining \ldots on input line 496.
LaTeX Info: Redefining \dots on input line 499.
LaTeX Info: Redefining \cdots on input line 620.
\Mathstrutbox@=\box51
\strutbox@=\box52
\big@size=\dimen150
LaTeX Font Info:    Redeclaring font encoding OML on input line 743.
LaTeX Font Info:    Redeclaring font encoding OMS on input line 744.
\macc@depth=\count284
\c@MaxMatrixCols=\count285
\dotsspace@=\muskip16
\c@parentequation=\count286
\dspbrk@lvl=\count287
\tag@help=\toks22
\row@=\count288
\column@=\count289
\maxfields@=\count290
\andhelp@=\toks23
\eqnshift@=\dimen151
\alignsep@=\dimen152
\tagshift@=\dimen153
\tagwidth@=\dimen154
\totwidth@=\dimen155
\lineht@=\dimen156
\@envbody=\toks24
\multlinegap=\skip56
\multlinetaggap=\skip57
\mathdisplay@stack=\toks25
LaTeX Info: Redefining \[ on input line 2938.
LaTeX Info: Redefining \] on input line 2939.
)
(/usr/share/texlive/texmf-dist/tex/latex/amsfonts/amssymb.sty
Package: amssymb 2013/01/14 v3.01 AMS font symbols

(/usr/share/texlive/texmf-dist/tex/latex/amsfonts/amsfonts.sty
Package: amsfonts 2013/01/14 v3.01 Basic AMSFonts support
\symAMSa=\mathgroup4
\symAMSb=\mathgroup5
LaTeX Font Info:    Redeclaring math symbol \hbar on input line 98.
LaTeX Font Info:    Overwriting math alphabet `\mathfrak' in version `bold'
(Font)                  U/euf/m/n --> U/euf/b/n on input line 106.
))
(/usr/share/texlive/texmf-dist/tex/latex/amsmath/amsxtra.sty
Package: amsxtra 1999/11/15 v1.2c AMS extra commands
LaTeX Info: Redefining \nobreakspace on input line 54.
)
(/usr/share/texlive/texmf-dist/tex/latex/float/float.sty
Package: float 2001/11/08 v1.3d Float enhancements (AL)
\c@float@type=\count291
\float@exts=\toks26
\float@box=\box53
\@float@everytoks=\toks27
\@floatcapt=\box54
)
(/usr/share/texlive/texmf-dist/tex/latex/graphics/graphicx.sty
Package: graphicx 2021/09/16 v1.2d Enhanced LaTeX Graphics (DPC,SPQR)

(/usr/share/texlive/texmf-dist/tex/latex/graphics/graphics.sty
Package: graphics 2021/03/04 v1.4d Standard LaTeX Graphics (DPC,SPQR)

(/usr/share/texlive/texmf-dist/tex/latex/graphics/trig.sty
Package: trig 2021/08/11 v1.11 sin cos tan (DPC)
)
(/usr/share/texlive/texmf-dist/tex/latex/graphics-cfg/graphics.cfg
File: graphics.cfg 2016/06/04 v1.11 sample graphics configuration
)
Package graphics Info: Driver file: pdftex.def on input line 107.

(/usr/share/texlive/texmf-dist/tex/latex/graphics-def/pdftex.def
File: pdftex.def 2020/10/05 v1.2a Graphics/color driver for pdftex
))
\Gin@req@height=\dimen157
\Gin@req@width=\dimen158
)
(/usr/share/texlive/texmf-dist/tex/latex/listings/listings.sty
\lst@mode=\count292
\lst@gtempboxa=\box55
\lst@token=\toks28
\lst@length=\count293
\lst@currlwidth=\dimen159
\lst@column=\count294
\lst@pos=\count295
\lst@lostspace=\dimen160
\lst@width=\dimen161
\lst@newlines=\count296
\lst@lineno=\count297
\lst@maxwidth=\dimen162

(/usr/share/texlive/texmf-dist/tex/latex/listings/lstmisc.sty
File: lstmisc.sty 2020/03/24 1.8d (Carsten Heinz)
\c@lstnumber=\count298
\lst@skipnumbers=\count299
\lst@framebox=\box56
)
(/usr/share/texlive/texmf-dist/tex/latex/listings/listings.cfg
File: listings.cfg 2020/03/24 1.8d listings configuration
))
Package: listings 2020/03/24 1.8d (Carsten Heinz)

(/usr/share/texlive/texmf-dist/tex/latex/url/url.sty
\Urlmuskip=\muskip17
Package: url 2013/09/16  ver 3.4  Verb mode for urls, etc.
)
(/usr/share/texlive/texmf-dist/tex/latex/cmap/cmap.sty
Package: cmap 2021/02/06 v1.0j CMap support: searchable PDF


Package cmap Warning: fontenc already loaded - some fonts may be unprocessed.

) (/usr/share/texlive/texmf-dist/tex/latex/hyperref/hyperref.sty
Package: hyperref 2021-06-07 v7.00m Hypertext links for LaTeX

(/usr/share/texlive/texmf-dist/tex/generic/ltxcmds/ltxcmds.sty
Package: ltxcmds 2020-05-10 v1.25 LaTeX kernel commands for general use (HO)
)
(/usr/share/texlive/texmf-dist/tex/generic/iftex/iftex.sty
Package: iftex 2020/03/06 v1.0d TeX engine tests
)
(/usr/share/texlive/texmf-dist/tex/generic/pdftexcmds/pdftexcmds.sty
Package: pdftexcmds 2020-06-27 v0.33 Utility functions of pdfTeX for LuaTeX (HO
)

(/usr/share/texlive/texmf-dist/tex/generic/infwarerr/infwarerr.sty
Package: infwarerr 2019/12/03 v1.5 Providing info/warning/error messages (HO)
)
Package pdftexcmds Info: \pdf@primitive is available.
Package pdftexcmds Info: \pdf@ifprimitive is available.
Package pdftexcmds Info: \pdfdraftmode found.
)
(/usr/share/texlive/texmf-dist/tex/generic/kvsetkeys/kvsetkeys.sty
Package: kvsetkeys 2019/12/15 v1.18 Key value parser (HO)
)
(/usr/share/texlive/texmf-dist/tex/generic/kvdefinekeys/kvdefinekeys.sty
Package: kvdefinekeys 2019-12-19 v1.6 Define keys (HO)
)
(/usr/share/texlive/texmf-dist/tex/generic/pdfescape/pdfescape.sty
Package: pdfescape 2019/12/09 v1.15 Implements pdfTeX's escape features (HO)
)
(/usr/share/texlive/texmf-dist/tex/latex/hycolor/hycolor.sty
Package: hycolor 2020-01-27 v1.10 Color options for hyperref/bookmark (HO)
)
(/usr/share/texlive/texmf-dist/tex/latex/letltxmacro/letltxmacro.sty
Package: letltxmacro 2019/12/03 v1.6 Let assignment for LaTeX macros (HO)
)
(/usr/share/texlive/texmf-dist/tex/latex/auxhook/auxhook.sty
Package: auxhook 2019-12-17 v1.6 Hooks for auxiliary files (HO)
)
(/usr/share/texlive/texmf-dist/tex/latex/kvoptions/kvoptions.sty
Package: kvoptions 2020-10-07 v3.14 Key value format for package options (HO)
)
\@linkdim=\dimen163
\Hy@linkcounter=\count300
\Hy@pagecounter=\count301

(/usr/share/texlive/texmf-dist/tex/latex/hyperref/pd1enc.def
File: pd1enc.def 2021-06-07 v7.00m Hyperref: PDFDocEncoding definition (HO)
Now handling font encoding PD1 ...
... no UTF-8 mapping file for font encoding PD1
)
(/usr/share/texlive/texmf-dist/tex/latex/hyperref/hyperref-langpatches.def
File: hyperref-langpatches.def 2021-06-07 v7.00m Hyperref: patches for babel la
nguages
)
(/usr/share/texlive/texmf-dist/tex/generic/intcalc/intcalc.sty
Package: intcalc 2019/12/15 v1.3 Expandable calculations with integers (HO)
)
(/usr/share/texlive/texmf-dist/tex/generic/etexcmds/etexcmds.sty
Package: etexcmds 2019/12/15 v1.7 Avoid name clashes with e-TeX commands (HO)
)
\Hy@SavedSpaceFactor=\count302

(/usr/share/texlive/texmf-dist/tex/latex/hyperref/puenc.def
File: puenc.def 2021-06-07 v7.00m Hyperref: PDF Unicode definition (HO)
Now handling font encoding PU ...
... no UTF-8 mapping file for font encoding PU
)
Package hyperref Info: Option `unicode' set `true' on input line 4073.
Package hyperref Info: Hyper figures OFF on input line 4192.
Package hyperref Info: Link nesting OFF on input line 4197.
Package hyperref Info: Hyper index ON on input line 4200.
Package hyperref Info: Plain pages OFF on input line 4207.
Package hyperref Info: Backreferencing OFF on input line 4212.
Package hyperref Info: Implicit mode ON; LaTeX internals redefined.
Package hyperref Info: Bookmarks ON on input line 4445.
\c@Hy@tempcnt=\count303
LaTeX Info: Redefining \url on input line 4804.
\XeTeXLinkMargin=\dimen164

(/usr/share/texlive/texmf-dist/tex/generic/bitset/bitset.sty
Package: bitset 2019/12/09 v1.3 Handle bit-vector datatype (HO)

(/usr/share/texlive/texmf-dist/tex/generic/bigintcalc/bigintcalc.sty
Package: bigintcalc 2019/12/15 v1.5 Expandable calculations on big integers (HO
)
))
\Fld@menulength=\count304
\Field@Width=\dimen165
\Fld@charsize=\dimen166
Package hyperref Info: Hyper figures OFF on input line 6076.
Package hyperref Info: Link nesting OFF on input line 6081.
Package hyperref Info: Hyper index ON on input line 6084.
Package hyperref Info: backreferencing OFF on input line 6091.
Package hyperref Info: Link coloring OFF on input line 6096.
Package hyperref Info: Link coloring with OCG OFF on input line 6101.
Package hyperref Info: PDF/A mode OFF on input line 6106.
LaTeX Info: Redefining \ref on input line 6146.
LaTeX Info: Redefining \pageref on input line 6150.

(/usr/share/texlive/texmf-dist/tex/latex/base/atbegshi-ltx.sty
Package: atbegshi-ltx 2021/01/10 v1.0c Emulation of the original atbegshi
package with kernel methods
)
\Hy@abspage=\count305
\c@Item=\count306
\c@Hfootnote=\count307
)
Package hyperref Info: Driver: hpdftex.

(/usr/share/texlive/texmf-dist/tex/latex/hyperref/hpdftex.def
File: hpdftex.def 2021-06-07 v7.00m Hyperref driver for pdfTeX

(/usr/share/texlive/texmf-dist/tex/latex/base/atveryend-ltx.sty
Package: atveryend-ltx 2020/08/19 v1.0a Emulation of the original atveryend pac
kage
with kernel methods
)
\Fld@listcount=\count308
\c@bookmark@seq@number=\count309

(/usr/share/texlive/texmf-dist/tex/latex/rerunfilecheck/rerunfilecheck.sty
Package: rerunfilecheck 2019/12/05 v1.9 Rerun checks for auxiliary files (HO)

(/usr/share/texlive/texmf-dist/tex/generic/uniquecounter/uniquecounter.sty
Package: uniquecounter 2019/12/15 v1.4 Provide unlimited unique counter (HO)
)
Package uniquecounter Info: New unique counter `rerunfilecheck' on input line 2
86.
)
\Hy@SectionHShift=\skip58
)
(/usr/share/texlive/texmf-dist/tex/latex/biblatex/biblatex.sty
Package: biblatex 2022/02/02 v3.17 programmable bibliographies (PK/MW)

(/usr/share/texlive/texmf-dist/tex/latex/logreq/logreq.sty
Package: logreq 2010/08/04 v1.0 xml request logger
\lrq@indent=\count310

(/usr/share/texlive/texmf-dist/tex/latex/logreq/logreq.def
File: logreq.def 2010/08/04 v1.0 logreq spec v1.0
))
(/usr/share/texlive/texmf-dist/tex/latex/base/ifthen.sty
Package: ifthen 2020/11/24 v1.1c Standard LaTeX ifthen package (DPC)
)
\c@tabx@nest=\count311
\c@listtotal=\count312
\c@listcount=\count313
\c@liststart=\count314
\c@liststop=\count315
\c@citecount=\count316
\c@citetotal=\count317
\c@multicitecount=\count318
\c@multicitetotal=\count319
\c@instcount=\count320
\c@maxnames=\count321
\c@minnames=\count322
\c@maxitems=\count323
\c@minitems=\count324
\c@citecounter=\count325
\c@maxcitecounter=\count326
\c@savedcitecounter=\count327
\c@uniquelist=\count328
\c@uniquename=\count329
\c@refsection=\count330
\c@refsegment=\count331
\c@maxextratitle=\count332
\c@maxextratitleyear=\count333
\c@maxextraname=\count334
\c@maxextradate=\count335
\c@maxextraalpha=\count336
\c@abbrvpenalty=\count337
\c@highnamepenalty=\count338
\c@lownamepenalty=\count339
\c@maxparens=\count340
\c@parenlevel=\count341
\blx@tempcnta=\count342
\blx@tempcntb=\count343
\blx@tempcntc=\count344
\c@blx@maxsection=\count345
\c@blx@maxsegment@0=\count346
\blx@notetype=\count347
\blx@parenlevel@text=\count348
\blx@parenlevel@foot=\count349
\c@blx@sectionciteorder@0=\count350
\blx@entrysetcounter=\count351
\blx@biblioinstance=\count352
\labelnumberwidth=\skip59
\labelalphawidth=\skip60
\biblabelsep=\skip61
\bibitemsep=\skip62
\bibnamesep=\skip63
\bibinitsep=\skip64
\bibparsep=\skip65
\bibhang=\skip66
\blx@bcfin=\read3
\blx@bcfout=\write3
\blx@langwohyphens=\language13
\c@mincomprange=\count353
\c@maxcomprange=\count354
\c@mincompwidth=\count355
Package biblatex Info: Trying to load biblatex default data model...
Package biblatex Info: ... file 'blx-dm.def' found.

(/usr/share/texlive/texmf-dist/tex/latex/biblatex/blx-dm.def
File: blx-dm.def 2022/02/02 v3.17 biblatex localization (PK/MW)
)
Package biblatex Info: Trying to load biblatex style data model...
Package biblatex Info: ... file 'gost-numeric.dbx' found.

(/usr/share/texlive/texmf-dist/tex/latex/biblatex-gost/gost-numeric.dbx
File: gost-numeric.dbx 2021/05/08 v1.22 biblatex-gost data model
Package biblatex Info: Trying to load biblatex-gost data model...
Package biblatex Info: ... file 'biblatex-gost.dbx' found.

(/usr/share/texlive/texmf-dist/tex/latex/biblatex-gost/biblatex-gost.dbx
File: biblatex-gost.dbx 2021/05/08 v1.22 biblatex-gost data model
))
Package biblatex Info: Trying to load biblatex custom data model...
Package biblatex Info: ... file 'biblatex-dm.cfg' not found.
\c@afterword=\count356
\c@savedafterword=\count357
\c@annotator=\count358
\c@savedannotator=\count359
\c@author=\count360
\c@savedauthor=\count361
\c@bookauthor=\count362
\c@savedbookauthor=\count363
\c@commentator=\count364
\c@savedcommentator=\count365
\c@editor=\count366
\c@savededitor=\count367
\c@editora=\count368
\c@savededitora=\count369
\c@editorb=\count370
\c@savededitorb=\count371
\c@editorc=\count372
\c@savededitorc=\count373
\c@foreword=\count374
\c@savedforeword=\count375
\c@holder=\count376
\c@savedholder=\count377
\c@introduction=\count378
\c@savedintroduction=\count379
\c@namea=\count380
\c@savednamea=\count381
\c@nameb=\count382
\c@savednameb=\count383
\c@namec=\count384
\c@savednamec=\count385
\c@translator=\count386
\c@savedtranslator=\count387
\c@shortauthor=\count388
\c@savedshortauthor=\count389
\c@shorteditor=\count390
\c@savedshorteditor=\count391
\c@booktranslator=\count392
\c@savedbooktranslator=\count393
\c@bookcommentator=\count394
\c@savedbookcommentator=\count395
\c@bookannotator=\count396
\c@savedbookannotator=\count397
\c@bookintroduction=\count398
\c@savedbookintroduction=\count399
\c@bookforeword=\count400
\c@savedbookforeword=\count401
\c@bookafterword=\count402
\c@savedbookafterword=\count403
\c@labelname=\count404
\c@savedlabelname=\count405
\c@institution=\count406
\c@savedinstitution=\count407
\c@lista=\count408
\c@savedlista=\count409
\c@listb=\count410
\c@savedlistb=\count411
\c@listc=\count412
\c@savedlistc=\count413
\c@listd=\count414
\c@savedlistd=\count415
\c@liste=\count416
\c@savedliste=\count417
\c@listf=\count418
\c@savedlistf=\count419
\c@location=\count420
\c@savedlocation=\count421
\c@organization=\count422
\c@savedorganization=\count423
\c@origlocation=\count424
\c@savedoriglocation=\count425
\c@origpublisher=\count426
\c@savedorigpublisher=\count427
\c@publisher=\count428
\c@savedpublisher=\count429
\c@language=\count430
\c@savedlanguage=\count431
\c@origlanguage=\count432
\c@savedoriglanguage=\count433
\c@bookoriglanguage=\count434
\c@savedbookoriglanguage=\count435
\c@specdata=\count436
\c@savedspecdata=\count437
\c@credits=\count438
\c@savedcredits=\count439
\c@bookcredits=\count440
\c@savedbookcredits=\count441
\c@editioncredits=\count442
\c@savededitioncredits=\count443
\c@pageref=\count444
\c@savedpageref=\count445
\shorthandwidth=\skip67
\shortjournalwidth=\skip68
\shortserieswidth=\skip69
\shorttitlewidth=\skip70
\shortauthorwidth=\skip71
\shorteditorwidth=\skip72
\locallabelnumberwidth=\skip73
\locallabelalphawidth=\skip74
\localshorthandwidth=\skip75
\localshortjournalwidth=\skip76
\localshortserieswidth=\skip77
\localshorttitlewidth=\skip78
\localshortauthorwidth=\skip79
\localshorteditorwidth=\skip80
Package biblatex Info: Trying to load compatibility code...
Package biblatex Info: ... file 'blx-compat.def' found.

(/usr/share/texlive/texmf-dist/tex/latex/biblatex/blx-compat.def
File: blx-compat.def 2022/02/02 v3.17 biblatex compatibility (PK/MW)
)
Package biblatex Info: Trying to load BibTeX backend compatibility...
Package biblatex Info: ... file 'blx-bibtex.def' found.

(/usr/share/texlive/texmf-dist/tex/latex/biblatex/blx-bibtex.def
File: blx-bibtex.def 2022/02/02 v3.17 biblatex compatibility (PK/MW)


Package biblatex Warning: Using fall-back BibTeX(8) backend:
(biblatex)                functionality may be reduced/unavailable.

)
Package biblatex Info: Trying to load generic definitions...
Package biblatex Info: ... file 'biblatex.def' found.
 (/usr/share/texlive/texmf-dist/tex/latex/biblatex/biblatex.def
File: biblatex.def 2022/02/02 v3.17 biblatex compatibility (PK/MW)
\c@textcitecount=\count446
\c@textcitetotal=\count447
\c@textcitemaxnames=\count448
\c@biburlbigbreakpenalty=\count449
\c@biburlbreakpenalty=\count450
\c@biburlnumpenalty=\count451
\c@biburlucpenalty=\count452
\c@biburllcpenalty=\count453
\biburlbigskip=\muskip18
\biburlnumskip=\muskip19
\biburlucskip=\muskip20
\biburllcskip=\muskip21
\c@smartand=\count454
)
Package biblatex Info: Trying to load bibliography style 'gost-numeric'...
Package biblatex Info: ... file 'gost-numeric.bbx' found.

(/usr/share/texlive/texmf-dist/tex/latex/biblatex-gost/gost-numeric.bbx
File: gost-numeric.bbx 2021/05/08 v1.22 biblatex-gost styles
Package biblatex Info: Trying to load bibliography style 'gost-standard'...
Package biblatex Info: ... file 'gost-standard.bbx' found.

(/usr/share/texlive/texmf-dist/tex/latex/biblatex-gost/gost-standard.bbx
File: gost-standard.bbx 2021/05/08 v1.22 biblatex-gost styles


! Package biblatex Error: Biber backend is required by style.

See the biblatex package documentation for explanation.
Type  H <return>  for immediate help.
 ...                                              
                                                  
l.38 \RequireBiber[3]
                       % strictly required
The selected style or one of the .bib files requires Biber.
It will not work at all with BibTeX..

Package biblatex Info: Trying to load biblatex-gost generic definitions...
Package biblatex Info: ... file 'biblatex-gost.def' found.
(/usr/share/texlive/texmf-dist/tex/latex/biblatex-gost/biblatex-gost.def
File: biblatex-gost.def 2021/05/08 v1.22 biblatex-gost styles
)
\c@blx@gost@pointer=\count455
\c@bbx:relatedcount=\count456
\c@bbx:relatedtotal=\count457
Package biblatex Info: Redefining autocite command 'footnote'.
Package biblatex Info: Redefining autocite command 'superscript'.
))
Package biblatex Info: Trying to load citation style 'gost-numeric'...
Package biblatex Info: ... file 'gost-numeric.cbx' found.

(/usr/share/texlive/texmf-dist/tex/latex/biblatex-gost/gost-numeric.cbx
File: gost-numeric.cbx 2021/05/08 v1.22 biblatex-gost styles
Package biblatex Info: Trying to load citation style 'numeric-comp'...
Package biblatex Info: ... file 'numeric-comp.cbx' found.

(/usr/share/texlive/texmf-dist/tex/latex/biblatex/cbx/numeric-comp.cbx
File: numeric-comp.cbx 2022/02/02 v3.17 biblatex citation style (PK/MW)
\c@cbx@tempcnta=\count458
\c@cbx@tempcntb=\count459
\c@cbx@tempcntc=\count460
\c@cbx@tempcntd=\count461
Package biblatex Info: Redefining '\cite'.
Package biblatex Info: Redefining '\parencite'.
Package biblatex Info: Redefining '\footcite'.
Package biblatex Info: Redefining '\footcitetext'.
Package biblatex Info: Redefining '\smartcite'.
Package biblatex Info: Redefining '\supercite'.
Package biblatex Info: Redefining '\textcite'.
Package biblatex Info: Redefining '\textcites'.
Package biblatex Info: Redefining '\cites'.
Package biblatex Info: Redefining '\parencites'.
Package biblatex Info: Redefining '\smartcites'.
))
Package biblatex Info: Trying to load configuration file...
Package biblatex Info: ... file 'biblatex.cfg' found.

(/usr/share/texlive/texmf-dist/tex/latex/biblatex/biblatex.cfg
File: biblatex.cfg 
)
Package biblatex Info: Input encoding 'utf8' detected.
Package biblatex Info: Document encoding is UTF8 ....

(/usr/share/texlive/texmf-dist/tex/latex/l3kernel/expl3.sty
Package: expl3 2022-01-21 L3 programming layer (loader) 

(/usr/share/texlive/texmf-dist/tex/latex/l3backend/l3backend-pdftex.def
File: l3backend-pdftex.def 2022-01-12 L3 backend support: PDF output (pdfTeX)
\l__color_backend_stack_int=\count462
\l__pdf_internal_box=\box57
))
Package biblatex Info: ... and expl3
(biblatex)             2022-01-21 L3 programming layer (loader) 
(biblatex)             is new enough (at least 2020/04/06),
(biblatex)             setting 'casechanger=expl3'.

(/usr/share/texlive/texmf-dist/tex/latex/biblatex/blx-case-expl3.sty
(/usr/share/texlive/texmf-dist/tex/latex/l3packages/xparse/xparse.sty
Package: xparse 2022-01-12 L3 Experimental document command parser
)
Package: blx-case-expl3 2022/02/02 v3.17 expl3 case changing code for biblatex
))
(/usr/share/texlive/texmf-dist/tex/latex/tools/indentfirst.sty
Package: indentfirst 1995/11/23 v1.03 Indent first paragraph (DPC)
)
(/usr/share/texlive/texmf-dist/tex/latex/geometry/geometry.sty
Package: geometry 2020/01/02 v5.9 Page Geometry

(/usr/share/texlive/texmf-dist/tex/generic/iftex/ifvtex.sty
Package: ifvtex 2019/10/25 v1.7 ifvtex legacy package. Use iftex instead.
)
\Gm@cnth=\count463
\Gm@cntv=\count464
\c@Gm@tempcnt=\count465
\Gm@bindingoffset=\dimen167
\Gm@wd@mp=\dimen168
\Gm@odd@mp=\dimen169
\Gm@even@mp=\dimen170
\Gm@layoutwidth=\dimen171
\Gm@layoutheight=\dimen172
\Gm@layouthoffset=\dimen173
\Gm@layoutvoffset=\dimen174
\Gm@dimlist=\toks29
)
Package csquotes Info: Checking for multilingual support...
Package csquotes Info: ... found 'babel' package.
Package csquotes Info: Adjusting default style.
Package csquotes Info: Redefining alias 'default' -> 'english'.
 (./main.aux
(./QA_section.aux

LaTeX Warning: Label `nHits_dca' multiply defined.


LaTeX Warning: Label `mass2_proton' multiply defined.


LaTeX Warning: Label `mass2_proton' multiply defined.

) (./framework.aux

LaTeX Warning: Label `ErrFunct' multiply defined.

) (./tree.root.aux))
\openout1 = `main.aux'.

LaTeX Font Info:    Checking defaults for OML/cmm/m/it on input line 59.
LaTeX Font Info:    ... okay on input line 59.
LaTeX Font Info:    Checking defaults for OMS/cmsy/m/n on input line 59.
LaTeX Font Info:    ... okay on input line 59.
LaTeX Font Info:    Checking defaults for OT1/cmr/m/n on input line 59.
LaTeX Font Info:    ... okay on input line 59.
LaTeX Font Info:    Checking defaults for T1/cmr/m/n on input line 59.
LaTeX Font Info:    ... okay on input line 59.
LaTeX Font Info:    Checking defaults for TS1/cmr/m/n on input line 59.
LaTeX Font Info:    ... okay on input line 59.
LaTeX Font Info:    Checking defaults for OMX/cmex/m/n on input line 59.
LaTeX Font Info:    ... okay on input line 59.
LaTeX Font Info:    Checking defaults for U/cmr/m/n on input line 59.
LaTeX Font Info:    ... okay on input line 59.
LaTeX Font Info:    Checking defaults for T2A/cmr/m/n on input line 59.
LaTeX Font Info:    ... okay on input line 59.
LaTeX Font Info:    Checking defaults for PD1/pdf/m/n on input line 59.
LaTeX Font Info:    ... okay on input line 59.
LaTeX Font Info:    Checking defaults for PU/pdf/m/n on input line 59.
LaTeX Font Info:    ... okay on input line 59.

(/usr/share/texlive/texmf-dist/tex/context/base/mkii/supp-pdf.mkii
[Loading MPS to PDF converter (version 2006.09.02).]
\scratchcounter=\count466
\scratchdimen=\dimen175
\scratchbox=\box58
\nofMPsegments=\count467
\nofMParguments=\count468
\everyMPshowfont=\toks30
\MPscratchCnt=\count469
\MPscratchDim=\dimen176
\MPnumerator=\count470
\makeMPintoPDFobject=\count471
\everyMPtoPDFconversion=\toks31
) (/usr/share/texlive/texmf-dist/tex/latex/epstopdf-pkg/epstopdf-base.sty
Package: epstopdf-base 2020-01-24 v2.11 Base part for package epstopdf
Package epstopdf-base Info: Redefining graphics rule for `.eps' on input line 4
85.

(/usr/share/texlive/texmf-dist/tex/latex/latexconfig/epstopdf-sys.cfg
File: epstopdf-sys.cfg 2010/07/13 v1.3 Configuration of (r)epstopdf for TeX Liv
e
))
\c@lstlisting=\count472
Package hyperref Info: Link coloring OFF on input line 59.

(/usr/share/texlive/texmf-dist/tex/latex/hyperref/nameref.sty
Package: nameref 2021-04-02 v2.47 Cross-referencing by name of section

(/usr/share/texlive/texmf-dist/tex/latex/refcount/refcount.sty
Package: refcount 2019/12/15 v3.6 Data extraction from label references (HO)
)
(/usr/share/texlive/texmf-dist/tex/generic/gettitlestring/gettitlestring.sty
Package: gettitlestring 2019/12/15 v1.6 Cleanup title references (HO)
)
\c@section@level=\count473
)
LaTeX Info: Redefining \ref on input line 59.
LaTeX Info: Redefining \pageref on input line 59.
LaTeX Info: Redefining \nameref on input line 59.

(./main.out) (./main.out)
\@outlinefile=\write4
\openout4 = `main.out'.

Package biblatex Info: Trying to load language 'english' -> 'english-gost'...
Package biblatex Info: ... file 'english-gost.lbx' found.

(/usr/share/texlive/texmf-dist/tex/latex/biblatex-gost/english-gost.lbx
File: english-gost.lbx 2021/05/08 v1.22 biblatex-gost styles
Package biblatex Info: Trying to load language 'english'...
Package biblatex Info: ... file 'english.lbx' found.

(/usr/share/texlive/texmf-dist/tex/latex/biblatex/lbx/english.lbx
File: english.lbx 2022/02/02 v3.17 biblatex localization (PK/MW)
)
Package biblatex Info: Trying to load language 'english'...
Package biblatex Info: ... file 'english.lbx' found.

(/usr/share/texlive/texmf-dist/tex/latex/biblatex/lbx/english.lbx
File: english.lbx 2022/02/02 v3.17 biblatex localization (PK/MW)
))
Package biblatex Info: Input encoding 'utf8' detected.
Package biblatex Info: Automatic encoding selection.
(biblatex)             Assuming data encoding 'utf8'.
Package biblatex Info: Input encoding 'utf8' detected.
Package biblatex Info: Data encoding 'utf8' specified.
(biblatex)             No need to reencode data.
\openout3 = `main-blx.bib'.

Package biblatex Info: Trying to load bibliographic data...
Package biblatex Info: ... file 'main.bbl' found.
 (./main.bbl)
Package biblatex Info: Reference section=0 on input line 59.
Package biblatex Info: Reference segment=0 on input line 59.

*geometry* driver: auto-detecting
*geometry* detected driver: pdftex
*geometry* verbose mode - [ preamble ] result:
* driver: pdftex
* paper: <default>
* layout: <same size as paper>
* layoutoffset:(h,v)=(0.0pt,0.0pt)
* modes: 
* h-part:(L,W,R)=(56.9055pt, 500.484pt, 56.9055pt)
* v-part:(T,H,B)=(56.9055pt, 681.15898pt, 56.9055pt)
* \paperwidth=614.295pt
* \paperheight=794.96999pt
* \textwidth=500.484pt
* \textheight=681.15898pt
* \oddsidemargin=-15.36449pt
* \evensidemargin=-15.36449pt
* \topmargin=-54.36449pt
* \headheight=14.0pt
* \headsep=25.0pt
* \topskip=14.0pt
* \footskip=30.0pt
* \marginparwidth=24.0pt
* \marginparsep=10.0pt
* \columnsep=10.0pt
* \skip\footins=12.0pt plus 4.0pt minus 2.0pt
* \hoffset=0.0pt
* \voffset=0.0pt
* \mag=1000
* \@twocolumnfalse
* \@twosidefalse
* \@mparswitchfalse
* \@reversemarginfalse
* (1in=72.27pt=25.4mm, 1cm=28.453pt)

<<t2a.cmap>><<ot1.cmap>><<oml.cmap>><<oms.cmap>><<omx.cmap>>
LaTeX Font Info:    Trying to load font information for U+msa on input line 62.


(/usr/share/texlive/texmf-dist/tex/latex/amsfonts/umsa.fd
File: umsa.fd 2013/01/14 v3.01 AMS symbols A
)
LaTeX Font Info:    Trying to load font information for U+msb on input line 62.


(/usr/share/texlive/texmf-dist/tex/latex/amsfonts/umsb.fd
File: umsb.fd 2013/01/14 v3.01 AMS symbols B
)
LaTeX Font Info:    Trying to load font information for T2A+cmss on input line 
63.

(/usr/share/texlive/texmf-dist/tex/latex/cyrillic/t2acmss.fd
File: t2acmss.fd 2001/08/11 v1.0a Computer Modern Cyrillic font definitions
)
Overfull \hbox (0.28468pt too wide) in paragraph at lines 88--90
$[]$ 
 []

(./main.toc [1

{/var/lib/texmf/fonts/map/pdftex/updmap/pdftex.map}])
\tf@toc=\write5
\openout5 = `main.toc'.

 [2]
\openout2 = `QA_section.aux'.


(./QA_section.tex [3

]
<../pict/QA_RunByRun_24.12/H1/nVtxTr_h2_RunId_stsDigits.png, id=163, 1501.61pt 
x 975.645pt>
File: ../pict/QA_RunByRun_24.12/H1/nVtxTr_h2_RunId_stsDigits.png Graphic file (
type png)
<use ../pict/QA_RunByRun_24.12/H1/nVtxTr_h2_RunId_stsDigits.png>
Package pdftex.def Info: ../pict/QA_RunByRun_24.12/H1/nVtxTr_h2_RunId_stsDigits
.png  used on input line 40.
(pdftex.def)             Requested size: 175.17244pt x 113.81206pt.
<../pict/QA_RunByRun_24.12/nVtxTr_h2_RunId_stsDigits.png, id=164, 2505.36pt x 9
75.645pt>
File: ../pict/QA_RunByRun_24.12/nVtxTr_h2_RunId_stsDigits.png Graphic file (typ
e png)
<use ../pict/QA_RunByRun_24.12/nVtxTr_h2_RunId_stsDigits.png>
Package pdftex.def Info: ../pict/QA_RunByRun_24.12/nVtxTr_h2_RunId_stsDigits.pn
g  used on input line 43.
(pdftex.def)             Requested size: 300.29344pt x 116.93835pt.
<../pict/QA_RunByRun_24.12/H1/nVtxTr_h2_RunId_gemDigits.png, id=165, 1501.61pt 
x 975.645pt>
File: ../pict/QA_RunByRun_24.12/H1/nVtxTr_h2_RunId_gemDigits.png Graphic file (
type png)
<use ../pict/QA_RunByRun_24.12/H1/nVtxTr_h2_RunId_gemDigits.png>
Package pdftex.def Info: ../pict/QA_RunByRun_24.12/H1/nVtxTr_h2_RunId_gemDigits
.png  used on input line 46.
(pdftex.def)             Requested size: 175.17244pt x 113.81206pt.
<../pict/QA_RunByRun_24.12/nVtxTr_h2_RunId_gemDigits.png, id=166, 2505.36pt x 9
75.645pt>
File: ../pict/QA_RunByRun_24.12/nVtxTr_h2_RunId_gemDigits.png Graphic file (typ
e png)
<use ../pict/QA_RunByRun_24.12/nVtxTr_h2_RunId_gemDigits.png>
Package pdftex.def Info: ../pict/QA_RunByRun_24.12/nVtxTr_h2_RunId_gemDigits.pn
g  used on input line 49.
(pdftex.def)             Requested size: 300.29344pt x 116.93835pt.
<../pict/QA_RunByRun_24.12/H1/nVtxTr_h2_RunId_tof400Digits.png, id=175, 1501.61
pt x 975.645pt>
File: ../pict/QA_RunByRun_24.12/H1/nVtxTr_h2_RunId_tof400Digits.png Graphic fil
e (type png)
<use ../pict/QA_RunByRun_24.12/H1/nVtxTr_h2_RunId_tof400Digits.png>
Package pdftex.def Info: ../pict/QA_RunByRun_24.12/H1/nVtxTr_h2_RunId_tof400Dig
its.png  used on input line 62.
(pdftex.def)             Requested size: 175.17244pt x 113.81206pt.
<../pict/QA_RunByRun_24.12/nVtxTr_h2_RunId_tof400Digits.png, id=176, 2505.36pt 
x 975.645pt>
File: ../pict/QA_RunByRun_24.12/nVtxTr_h2_RunId_tof400Digits.png Graphic file (
type png)
<use ../pict/QA_RunByRun_24.12/nVtxTr_h2_RunId_tof400Digits.png>
Package pdftex.def Info: ../pict/QA_RunByRun_24.12/nVtxTr_h2_RunId_tof400Digits
.png  used on input line 65.
(pdftex.def)             Requested size: 300.29344pt x 116.93835pt.
<../pict/QA_RunByRun_24.12/H1/nVtxTr_h2_RunId_tof700Digits.png, id=177, 1501.61
pt x 975.645pt>
File: ../pict/QA_RunByRun_24.12/H1/nVtxTr_h2_RunId_tof700Digits.png Graphic fil
e (type png)
<use ../pict/QA_RunByRun_24.12/H1/nVtxTr_h2_RunId_tof700Digits.png>
Package pdftex.def Info: ../pict/QA_RunByRun_24.12/H1/nVtxTr_h2_RunId_tof700Dig
its.png  used on input line 68.
(pdftex.def)             Requested size: 175.17244pt x 113.81206pt.
<../pict/QA_RunByRun_24.12/nVtxTr_h2_RunId_tof700Digits.png, id=178, 2505.36pt 
x 975.645pt>
File: ../pict/QA_RunByRun_24.12/nVtxTr_h2_RunId_tof700Digits.png Graphic file (
type png)
<use ../pict/QA_RunByRun_24.12/nVtxTr_h2_RunId_tof700Digits.png>
Package pdftex.def Info: ../pict/QA_RunByRun_24.12/nVtxTr_h2_RunId_tof700Digits
.png  used on input line 71.
(pdftex.def)             Requested size: 300.29344pt x 116.93835pt.
 [4 <../pict/QA_RunByRun_24.12/H1/nVtxTr_h2_RunId_stsDigits.png> <../pict/QA_Ru
nByRun_24.12/nVtxTr_h2_RunId_stsDigits.png> <../pict/QA_RunByRun_24.12/H1/nVtxT
r_h2_RunId_gemDigits.png> <../pict/QA_RunByRun_24.12/nVtxTr_h2_RunId_gemDigits.
png>]
<../pict/QA_RunByRun_24.12/H1/nVtxTr_h2_RunId_vtx_n_tracks.png, id=202, 1501.61
pt x 975.645pt>
File: ../pict/QA_RunByRun_24.12/H1/nVtxTr_h2_RunId_vtx_n_tracks.png Graphic fil
e (type png)
<use ../pict/QA_RunByRun_24.12/H1/nVtxTr_h2_RunId_vtx_n_tracks.png>
Package pdftex.def Info: ../pict/QA_RunByRun_24.12/H1/nVtxTr_h2_RunId_vtx_n_tra
cks.png  used on input line 89.
(pdftex.def)             Requested size: 175.17244pt x 113.81206pt.
<../pict/QA_RunByRun_24.12/nVtxTr_h2_RunId_vtx_n_tracks.png, id=203, 2505.36pt 
x 975.645pt>
File: ../pict/QA_RunByRun_24.12/nVtxTr_h2_RunId_vtx_n_tracks.png Graphic file (
type png)
<use ../pict/QA_RunByRun_24.12/nVtxTr_h2_RunId_vtx_n_tracks.png>
Package pdftex.def Info: ../pict/QA_RunByRun_24.12/nVtxTr_h2_RunId_vtx_n_tracks
.png  used on input line 90.
(pdftex.def)             Requested size: 300.29344pt x 116.93835pt.
 [5 <../pict/QA_RunByRun_24.12/H1/nVtxTr_h2_RunId_tof400Digits.png> <../pict/QA
_RunByRun_24.12/nVtxTr_h2_RunId_tof400Digits.png> <../pict/QA_RunByRun_24.12/H1
/nVtxTr_h2_RunId_tof700Digits.png> <../pict/QA_RunByRun_24.12/nVtxTr_h2_RunId_t
of700Digits.png>]
<../pict/QA_RunByRun_24.12/H1/nVtxTr_h2_RunId_vtx_chi2_ndf.png, id=215, 1501.61
pt x 975.645pt>
File: ../pict/QA_RunByRun_24.12/H1/nVtxTr_h2_RunId_vtx_chi2_ndf.png Graphic fil
e (type png)
<use ../pict/QA_RunByRun_24.12/H1/nVtxTr_h2_RunId_vtx_chi2_ndf.png>
Package pdftex.def Info: ../pict/QA_RunByRun_24.12/H1/nVtxTr_h2_RunId_vtx_chi2_
ndf.png  used on input line 101.
(pdftex.def)             Requested size: 175.17244pt x 113.81206pt.
<../pict/QA_RunByRun_24.12/nVtxTr_h2_RunId_vtx_chi2_ndf.png, id=216, 2505.36pt 
x 975.645pt>
File: ../pict/QA_RunByRun_24.12/nVtxTr_h2_RunId_vtx_chi2_ndf.png Graphic file (
type png)
<use ../pict/QA_RunByRun_24.12/nVtxTr_h2_RunId_vtx_chi2_ndf.png>
Package pdftex.def Info: ../pict/QA_RunByRun_24.12/nVtxTr_h2_RunId_vtx_chi2_ndf
.png  used on input line 102.
(pdftex.def)             Requested size: 300.29344pt x 116.93835pt.
<../pict/QA_RunByRun_24.12/H1/nVtxTr_h2_RunId_vtx_x.png, id=217, 1501.61pt x 97
5.645pt>
File: ../pict/QA_RunByRun_24.12/H1/nVtxTr_h2_RunId_vtx_x.png Graphic file (type
 png)
<use ../pict/QA_RunByRun_24.12/H1/nVtxTr_h2_RunId_vtx_x.png>
Package pdftex.def Info: ../pict/QA_RunByRun_24.12/H1/nVtxTr_h2_RunId_vtx_x.png
  used on input line 113.
(pdftex.def)             Requested size: 175.17244pt x 113.81206pt.
<../pict/QA_RunByRun_24.12/nVtxTr_h2_RunId_vtx_x.png, id=218, 2505.36pt x 975.6
45pt>
File: ../pict/QA_RunByRun_24.12/nVtxTr_h2_RunId_vtx_x.png Graphic file (type pn
g)
<use ../pict/QA_RunByRun_24.12/nVtxTr_h2_RunId_vtx_x.png>
Package pdftex.def Info: ../pict/QA_RunByRun_24.12/nVtxTr_h2_RunId_vtx_x.png  u
sed on input line 114.
(pdftex.def)             Requested size: 300.29344pt x 116.93835pt.
<../pict/QA_RunByRun_24.12/H1/nVtxTr_h2_RunId_vtx_y.png, id=219, 1501.61pt x 97
5.645pt>
File: ../pict/QA_RunByRun_24.12/H1/nVtxTr_h2_RunId_vtx_y.png Graphic file (type
 png)
<use ../pict/QA_RunByRun_24.12/H1/nVtxTr_h2_RunId_vtx_y.png>
Package pdftex.def Info: ../pict/QA_RunByRun_24.12/H1/nVtxTr_h2_RunId_vtx_y.png
  used on input line 116.
(pdftex.def)             Requested size: 175.17244pt x 113.81206pt.
<../pict/QA_RunByRun_24.12/nVtxTr_h2_RunId_vtx_y.png, id=220, 2505.36pt x 975.6
45pt>
File: ../pict/QA_RunByRun_24.12/nVtxTr_h2_RunId_vtx_y.png Graphic file (type pn
g)
<use ../pict/QA_RunByRun_24.12/nVtxTr_h2_RunId_vtx_y.png>
Package pdftex.def Info: ../pict/QA_RunByRun_24.12/nVtxTr_h2_RunId_vtx_y.png  u
sed on input line 117.
(pdftex.def)             Requested size: 300.29344pt x 116.93835pt.
<../pict/QA_RunByRun_24.12/H1/nVtxTr_h2_RunId_vtx_z.png, id=221, 1501.61pt x 97
5.645pt>
File: ../pict/QA_RunByRun_24.12/H1/nVtxTr_h2_RunId_vtx_z.png Graphic file (type
 png)
<use ../pict/QA_RunByRun_24.12/H1/nVtxTr_h2_RunId_vtx_z.png>
Package pdftex.def Info: ../pict/QA_RunByRun_24.12/H1/nVtxTr_h2_RunId_vtx_z.png
  used on input line 119.
(pdftex.def)             Requested size: 175.17244pt x 113.81206pt.
<../pict/QA_RunByRun_24.12/nVtxTr_h2_RunId_vtx_z.png, id=222, 2505.36pt x 975.6
45pt>
File: ../pict/QA_RunByRun_24.12/nVtxTr_h2_RunId_vtx_z.png Graphic file (type pn
g)
<use ../pict/QA_RunByRun_24.12/nVtxTr_h2_RunId_vtx_z.png>
Package pdftex.def Info: ../pict/QA_RunByRun_24.12/nVtxTr_h2_RunId_vtx_z.png  u
sed on input line 120.
(pdftex.def)             Requested size: 300.29344pt x 116.93835pt.
 [6 <../pict/QA_RunByRun_24.12/H1/nVtxTr_h2_RunId_vtx_n_tracks.png> <../pict/QA
_RunByRun_24.12/nVtxTr_h2_RunId_vtx_n_tracks.png> <../pict/QA_RunByRun_24.12/H1
/nVtxTr_h2_RunId_vtx_chi2_ndf.png> <../pict/QA_RunByRun_24.12/nVtxTr_h2_RunId_v
tx_chi2_ndf.png>]
<../pict/QA_RunByRun_24.12/H1/nVtxTr_h2_RunId_nTracks.png, id=228, 1501.61pt x 
975.645pt>
File: ../pict/QA_RunByRun_24.12/H1/nVtxTr_h2_RunId_nTracks.png Graphic file (ty
pe png)
<use ../pict/QA_RunByRun_24.12/H1/nVtxTr_h2_RunId_nTracks.png>
Package pdftex.def Info: ../pict/QA_RunByRun_24.12/H1/nVtxTr_h2_RunId_nTracks.p
ng  used on input line 139.
(pdftex.def)             Requested size: 175.17244pt x 113.81206pt.
<../pict/QA_RunByRun_24.12/nVtxTr_h2_RunId_nTracks.png, id=229, 2505.36pt x 975
.645pt>
File: ../pict/QA_RunByRun_24.12/nVtxTr_h2_RunId_nTracks.png Graphic file (type 
png)
<use ../pict/QA_RunByRun_24.12/nVtxTr_h2_RunId_nTracks.png>
Package pdftex.def Info: ../pict/QA_RunByRun_24.12/nVtxTr_h2_RunId_nTracks.png 
 used on input line 140.
(pdftex.def)             Requested size: 300.29344pt x 116.93835pt.
 [7 <../pict/QA_RunByRun_24.12/H1/nVtxTr_h2_RunId_vtx_x.png> <../pict/QA_RunByR
un_24.12/nVtxTr_h2_RunId_vtx_x.png> <../pict/QA_RunByRun_24.12/H1/nVtxTr_h2_Run
Id_vtx_y.png> <../pict/QA_RunByRun_24.12/nVtxTr_h2_RunId_vtx_y.png> <../pict/QA
_RunByRun_24.12/H1/nVtxTr_h2_RunId_vtx_z.png> <../pict/QA_RunByRun_24.12/nVtxTr
_h2_RunId_vtx_z.png>]
<../pict/QA_RunByRun_24.12/H1/nVtxTr_h2_RunId_bc1sAmp.png, id=238, 1501.61pt x 
975.645pt>
File: ../pict/QA_RunByRun_24.12/H1/nVtxTr_h2_RunId_bc1sAmp.png Graphic file (ty
pe png)
<use ../pict/QA_RunByRun_24.12/H1/nVtxTr_h2_RunId_bc1sAmp.png>
Package pdftex.def Info: ../pict/QA_RunByRun_24.12/H1/nVtxTr_h2_RunId_bc1sAmp.p
ng  used on input line 159.
(pdftex.def)             Requested size: 175.17244pt x 113.81206pt.
<../pict/QA_RunByRun_24.12/nVtxTr_h2_RunId_bc1sAmp.png, id=239, 2505.36pt x 975
.645pt>
File: ../pict/QA_RunByRun_24.12/nVtxTr_h2_RunId_bc1sAmp.png Graphic file (type 
png)
<use ../pict/QA_RunByRun_24.12/nVtxTr_h2_RunId_bc1sAmp.png>
Package pdftex.def Info: ../pict/QA_RunByRun_24.12/nVtxTr_h2_RunId_bc1sAmp.png 
 used on input line 160.
(pdftex.def)             Requested size: 300.29344pt x 116.93835pt.
<../pict/QA_RunByRun_24.12/H1/nVtxTr_h2_RunId_bc1sInt.png, id=240, 1501.61pt x 
975.645pt>
File: ../pict/QA_RunByRun_24.12/H1/nVtxTr_h2_RunId_bc1sInt.png Graphic file (ty
pe png)
<use ../pict/QA_RunByRun_24.12/H1/nVtxTr_h2_RunId_bc1sInt.png>
Package pdftex.def Info: ../pict/QA_RunByRun_24.12/H1/nVtxTr_h2_RunId_bc1sInt.p
ng  used on input line 162.
(pdftex.def)             Requested size: 175.17244pt x 113.81206pt.
<../pict/QA_RunByRun_24.12/nVtxTr_h2_RunId_bc1sInt.png, id=241, 2505.36pt x 975
.645pt>
File: ../pict/QA_RunByRun_24.12/nVtxTr_h2_RunId_bc1sInt.png Graphic file (type 
png)
<use ../pict/QA_RunByRun_24.12/nVtxTr_h2_RunId_bc1sInt.png>
Package pdftex.def Info: ../pict/QA_RunByRun_24.12/nVtxTr_h2_RunId_bc1sInt.png 
 used on input line 163.
(pdftex.def)             Requested size: 300.29344pt x 116.93835pt.
File: ../pict/QA_RunByRun_24.12/H1/nVtxTr_h2_RunId_bc1sAmp.png Graphic file (ty
pe png)
<use ../pict/QA_RunByRun_24.12/H1/nVtxTr_h2_RunId_bc1sAmp.png>
Package pdftex.def Info: ../pict/QA_RunByRun_24.12/H1/nVtxTr_h2_RunId_bc1sAmp.p
ng  used on input line 174.
(pdftex.def)             Requested size: 175.17244pt x 113.81206pt.
File: ../pict/QA_RunByRun_24.12/nVtxTr_h2_RunId_bc1sAmp.png Graphic file (type 
png)
<use ../pict/QA_RunByRun_24.12/nVtxTr_h2_RunId_bc1sAmp.png>
Package pdftex.def Info: ../pict/QA_RunByRun_24.12/nVtxTr_h2_RunId_bc1sAmp.png 
 used on input line 175.
(pdftex.def)             Requested size: 300.29344pt x 116.93835pt.
File: ../pict/QA_RunByRun_24.12/H1/nVtxTr_h2_RunId_bc1sInt.png Graphic file (ty
pe png)
<use ../pict/QA_RunByRun_24.12/H1/nVtxTr_h2_RunId_bc1sInt.png>
Package pdftex.def Info: ../pict/QA_RunByRun_24.12/H1/nVtxTr_h2_RunId_bc1sInt.p
ng  used on input line 177.
(pdftex.def)             Requested size: 175.17244pt x 113.81206pt.
File: ../pict/QA_RunByRun_24.12/nVtxTr_h2_RunId_bc1sInt.png Graphic file (type 
png)
<use ../pict/QA_RunByRun_24.12/nVtxTr_h2_RunId_bc1sInt.png>
Package pdftex.def Info: ../pict/QA_RunByRun_24.12/nVtxTr_h2_RunId_bc1sInt.png 
 used on input line 178.
(pdftex.def)             Requested size: 300.29344pt x 116.93835pt.
 [8 <../pict/QA_RunByRun_24.12/H1/nVtxTr_h2_RunId_nTracks.png> <../pict/QA_RunB
yRun_24.12/nVtxTr_h2_RunId_nTracks.png> <../pict/QA_RunByRun_24.12/H1/nVtxTr_h2
_RunId_bc1sAmp.png> <../pict/QA_RunByRun_24.12/nVtxTr_h2_RunId_bc1sAmp.png> <..
/pict/QA_RunByRun_24.12/H1/nVtxTr_h2_RunId_bc1sInt.png> <../pict/QA_RunByRun_24
.12/nVtxTr_h2_RunId_bc1sInt.png>]
<../pict/QA_RunByRun_24.12/H1/nVtxTr_h2_RunId_vcsAmp.png, id=249, 1501.61pt x 9
75.645pt>
File: ../pict/QA_RunByRun_24.12/H1/nVtxTr_h2_RunId_vcsAmp.png Graphic file (typ
e png)
<use ../pict/QA_RunByRun_24.12/H1/nVtxTr_h2_RunId_vcsAmp.png>
Package pdftex.def Info: ../pict/QA_RunByRun_24.12/H1/nVtxTr_h2_RunId_vcsAmp.pn
g  used on input line 196.
(pdftex.def)             Requested size: 175.17244pt x 113.81206pt.
<../pict/QA_RunByRun_24.12/nVtxTr_h2_RunId_vcsAmp.png, id=250, 2505.36pt x 975.
645pt>
File: ../pict/QA_RunByRun_24.12/nVtxTr_h2_RunId_vcsAmp.png Graphic file (type p
ng)
<use ../pict/QA_RunByRun_24.12/nVtxTr_h2_RunId_vcsAmp.png>
Package pdftex.def Info: ../pict/QA_RunByRun_24.12/nVtxTr_h2_RunId_vcsAmp.png  
used on input line 197.
(pdftex.def)             Requested size: 300.29344pt x 116.93835pt.
<../pict/QA_RunByRun_24.12/H1/nVtxTr_h2_RunId_vcsInt.png, id=251, 1501.61pt x 9
75.645pt>
File: ../pict/QA_RunByRun_24.12/H1/nVtxTr_h2_RunId_vcsInt.png Graphic file (typ
e png)
<use ../pict/QA_RunByRun_24.12/H1/nVtxTr_h2_RunId_vcsInt.png>
Package pdftex.def Info: ../pict/QA_RunByRun_24.12/H1/nVtxTr_h2_RunId_vcsInt.pn
g  used on input line 199.
(pdftex.def)             Requested size: 175.17244pt x 113.81206pt.
<../pict/QA_RunByRun_24.12/nVtxTr_h2_RunId_vcsInt.png, id=252, 2505.36pt x 975.
645pt>
File: ../pict/QA_RunByRun_24.12/nVtxTr_h2_RunId_vcsInt.png Graphic file (type p
ng)
<use ../pict/QA_RunByRun_24.12/nVtxTr_h2_RunId_vcsInt.png>
Package pdftex.def Info: ../pict/QA_RunByRun_24.12/nVtxTr_h2_RunId_vcsInt.png  
used on input line 200.
(pdftex.def)             Requested size: 300.29344pt x 116.93835pt.
 [9]
<../pict/QA_RunByRun_24.12/H1/nVtxTr_h2_RunId_fdAmp.png, id=261, 1501.61pt x 97
5.645pt>
File: ../pict/QA_RunByRun_24.12/H1/nVtxTr_h2_RunId_fdAmp.png Graphic file (type
 png)
<use ../pict/QA_RunByRun_24.12/H1/nVtxTr_h2_RunId_fdAmp.png>
Package pdftex.def Info: ../pict/QA_RunByRun_24.12/H1/nVtxTr_h2_RunId_fdAmp.png
  used on input line 218.
(pdftex.def)             Requested size: 175.17244pt x 113.81206pt.
<../pict/QA_RunByRun_24.12/nVtxTr_h2_RunId_fdAmp.png, id=262, 2505.36pt x 975.6
45pt>
File: ../pict/QA_RunByRun_24.12/nVtxTr_h2_RunId_fdAmp.png Graphic file (type pn
g)
<use ../pict/QA_RunByRun_24.12/nVtxTr_h2_RunId_fdAmp.png>
Package pdftex.def Info: ../pict/QA_RunByRun_24.12/nVtxTr_h2_RunId_fdAmp.png  u
sed on input line 219.
(pdftex.def)             Requested size: 300.29344pt x 116.93835pt.
<../pict/QA_RunByRun_24.12/H1/nVtxTr_h2_RunId_fdInt.png, id=263, 1501.61pt x 97
5.645pt>
File: ../pict/QA_RunByRun_24.12/H1/nVtxTr_h2_RunId_fdInt.png Graphic file (type
 png)
<use ../pict/QA_RunByRun_24.12/H1/nVtxTr_h2_RunId_fdInt.png>
Package pdftex.def Info: ../pict/QA_RunByRun_24.12/H1/nVtxTr_h2_RunId_fdInt.png
  used on input line 220.
(pdftex.def)             Requested size: 175.17244pt x 113.81206pt.
<../pict/QA_RunByRun_24.12/nVtxTr_h2_RunId_fdInt.png, id=264, 2505.36pt x 975.6
45pt>
File: ../pict/QA_RunByRun_24.12/nVtxTr_h2_RunId_fdInt.png Graphic file (type pn
g)
<use ../pict/QA_RunByRun_24.12/nVtxTr_h2_RunId_fdInt.png>
Package pdftex.def Info: ../pict/QA_RunByRun_24.12/nVtxTr_h2_RunId_fdInt.png  u
sed on input line 221.
(pdftex.def)             Requested size: 300.29344pt x 116.93835pt.
 [10 <../pict/QA_RunByRun_24.12/H1/nVtxTr_h2_RunId_vcsAmp.png> <../pict/QA_RunB
yRun_24.12/nVtxTr_h2_RunId_vcsAmp.png> <../pict/QA_RunByRun_24.12/H1/nVtxTr_h2_
RunId_vcsInt.png> <../pict/QA_RunByRun_24.12/nVtxTr_h2_RunId_vcsInt.png>]
<QA_RunByRun_24.04_new/H2_NoRuns/cut5_h2_bc1sInt_fdInt.png, id=271, 959.585pt x
 734.745pt>
File: QA_RunByRun_24.04_new/H2_NoRuns/cut5_h2_bc1sInt_fdInt.png Graphic file (t
ype png)
<use QA_RunByRun_24.04_new/H2_NoRuns/cut5_h2_bc1sInt_fdInt.png>
Package pdftex.def Info: QA_RunByRun_24.04_new/H2_NoRuns/cut5_h2_bc1sInt_fdInt.
png  used on input line 232.
(pdftex.def)             Requested size: 245.2399pt x 187.77791pt.
 [11 <../pict/QA_RunByRun_24.12/H1/nVtxTr_h2_RunId_fdAmp.png> <../pict/QA_RunBy
Run_24.12/nVtxTr_h2_RunId_fdAmp.png> <../pict/QA_RunByRun_24.12/H1/nVtxTr_h2_Ru
nId_fdInt.png> <../pict/QA_RunByRun_24.12/nVtxTr_h2_RunId_fdInt.png> <./QA_RunB
yRun_24.04_new/H2_NoRuns/cut5_h2_bc1sInt_fdInt.png>]
<../pict/QA_RunByRun_24.12/H1/nVtxTr_h2_RunId_fhcal_e.png, id=279, 1501.61pt x 
975.645pt>
File: ../pict/QA_RunByRun_24.12/H1/nVtxTr_h2_RunId_fhcal_e.png Graphic file (ty
pe png)
<use ../pict/QA_RunByRun_24.12/H1/nVtxTr_h2_RunId_fhcal_e.png>
Package pdftex.def Info: ../pict/QA_RunByRun_24.12/H1/nVtxTr_h2_RunId_fhcal_e.p
ng  used on input line 254.
(pdftex.def)             Requested size: 175.17244pt x 113.81206pt.
<../pict/QA_RunByRun_24.12/nVtxTr_h2_RunId_fhcal_e.png, id=280, 2505.36pt x 975
.645pt>
File: ../pict/QA_RunByRun_24.12/nVtxTr_h2_RunId_fhcal_e.png Graphic file (type 
png)
<use ../pict/QA_RunByRun_24.12/nVtxTr_h2_RunId_fhcal_e.png>
Package pdftex.def Info: ../pict/QA_RunByRun_24.12/nVtxTr_h2_RunId_fhcal_e.png 
 used on input line 255.
(pdftex.def)             Requested size: 300.29344pt x 116.93835pt.
<../pict/QA_RunByRun_24.12/H1/nVtxTr_h2_RunId_hodo_q.png, id=281, 1501.61pt x 9
75.645pt>
File: ../pict/QA_RunByRun_24.12/H1/nVtxTr_h2_RunId_hodo_q.png Graphic file (typ
e png)
<use ../pict/QA_RunByRun_24.12/H1/nVtxTr_h2_RunId_hodo_q.png>
Package pdftex.def Info: ../pict/QA_RunByRun_24.12/H1/nVtxTr_h2_RunId_hodo_q.pn
g  used on input line 271.
(pdftex.def)             Requested size: 175.17244pt x 113.81206pt.
<../pict/QA_RunByRun_24.12/nVtxTr_h2_RunId_hodo_q.png, id=282, 2505.36pt x 975.
645pt>
File: ../pict/QA_RunByRun_24.12/nVtxTr_h2_RunId_hodo_q.png Graphic file (type p
ng)
<use ../pict/QA_RunByRun_24.12/nVtxTr_h2_RunId_hodo_q.png>
Package pdftex.def Info: ../pict/QA_RunByRun_24.12/nVtxTr_h2_RunId_hodo_q.png  
used on input line 272.
(pdftex.def)             Requested size: 300.29344pt x 116.93835pt.
<../pict/QA_RunByRun_24.12/H1/nVtxTr_h2_RunId_scwall_q.png, id=283, 1501.61pt x
 975.645pt>
File: ../pict/QA_RunByRun_24.12/H1/nVtxTr_h2_RunId_scwall_q.png Graphic file (t
ype png)
<use ../pict/QA_RunByRun_24.12/H1/nVtxTr_h2_RunId_scwall_q.png>
Package pdftex.def Info: ../pict/QA_RunByRun_24.12/H1/nVtxTr_h2_RunId_scwall_q.
png  used on input line 286.
(pdftex.def)             Requested size: 175.17244pt x 113.81206pt.
<../pict/QA_RunByRun_24.12/nVtxTr_h2_RunId_scwall_q.png, id=284, 2505.36pt x 97
5.645pt>
File: ../pict/QA_RunByRun_24.12/nVtxTr_h2_RunId_scwall_q.png Graphic file (type
 png)
<use ../pict/QA_RunByRun_24.12/nVtxTr_h2_RunId_scwall_q.png>
Package pdftex.def Info: ../pict/QA_RunByRun_24.12/nVtxTr_h2_RunId_scwall_q.png
  used on input line 287.
(pdftex.def)             Requested size: 300.29344pt x 116.93835pt.
 [12 <../pict/QA_RunByRun_24.12/H1/nVtxTr_h2_RunId_fhcal_e.png> <../pict/QA_Run
ByRun_24.12/nVtxTr_h2_RunId_fhcal_e.png> <../pict/QA_RunByRun_24.12/H1/nVtxTr_h
2_RunId_hodo_q.png> <../pict/QA_RunByRun_24.12/nVtxTr_h2_RunId_hodo_q.png>]
<../pict/QA_RunByRun_24.12/SiBT.png, id=296, 1312.905pt x 560.0925pt>
File: ../pict/QA_RunByRun_24.12/SiBT.png Graphic file (type png)
<use ../pict/QA_RunByRun_24.12/SiBT.png>
Package pdftex.def Info: ../pict/QA_RunByRun_24.12/SiBT.png  used on input line
 306.
(pdftex.def)             Requested size: 450.43253pt x 192.15527pt.
<../pict/QA_RunByRun_24.12/H1/nVtxTr_h2_RunId_beam_hit_x_st0.png, id=298, 1501.
61pt x 975.645pt>
File: ../pict/QA_RunByRun_24.12/H1/nVtxTr_h2_RunId_beam_hit_x_st0.png Graphic f
ile (type png)
<use ../pict/QA_RunByRun_24.12/H1/nVtxTr_h2_RunId_beam_hit_x_st0.png>
Package pdftex.def Info: ../pict/QA_RunByRun_24.12/H1/nVtxTr_h2_RunId_beam_hit_
x_st0.png  used on input line 317.
(pdftex.def)             Requested size: 175.17244pt x 113.81206pt.
<../pict/QA_RunByRun_24.12/nVtxTr_h2_RunId_beam_hit_x_st0.png, id=299, 2505.36p
t x 975.645pt>
File: ../pict/QA_RunByRun_24.12/nVtxTr_h2_RunId_beam_hit_x_st0.png Graphic file
 (type png)
<use ../pict/QA_RunByRun_24.12/nVtxTr_h2_RunId_beam_hit_x_st0.png>
Package pdftex.def Info: ../pict/QA_RunByRun_24.12/nVtxTr_h2_RunId_beam_hit_x_s
t0.png  used on input line 318.
(pdftex.def)             Requested size: 300.29344pt x 116.93835pt.
<../pict/QA_RunByRun_24.12/H1/nVtxTr_h2_RunId_beam_hit_x_st1.png, id=300, 1501.
61pt x 975.645pt>
File: ../pict/QA_RunByRun_24.12/H1/nVtxTr_h2_RunId_beam_hit_x_st1.png Graphic f
ile (type png)
<use ../pict/QA_RunByRun_24.12/H1/nVtxTr_h2_RunId_beam_hit_x_st1.png>
Package pdftex.def Info: ../pict/QA_RunByRun_24.12/H1/nVtxTr_h2_RunId_beam_hit_
x_st1.png  used on input line 320.
(pdftex.def)             Requested size: 175.17244pt x 113.81206pt.
<../pict/QA_RunByRun_24.12/nVtxTr_h2_RunId_beam_hit_x_st1.png, id=301, 2505.36p
t x 975.645pt>
File: ../pict/QA_RunByRun_24.12/nVtxTr_h2_RunId_beam_hit_x_st1.png Graphic file
 (type png)
<use ../pict/QA_RunByRun_24.12/nVtxTr_h2_RunId_beam_hit_x_st1.png>
Package pdftex.def Info: ../pict/QA_RunByRun_24.12/nVtxTr_h2_RunId_beam_hit_x_s
t1.png  used on input line 321.
(pdftex.def)             Requested size: 300.29344pt x 116.93835pt.
<../pict/QA_RunByRun_24.12/H1/nVtxTr_h2_RunId_beam_hit_x_st2.png, id=302, 1501.
61pt x 975.645pt>
File: ../pict/QA_RunByRun_24.12/H1/nVtxTr_h2_RunId_beam_hit_x_st2.png Graphic f
ile (type png)
<use ../pict/QA_RunByRun_24.12/H1/nVtxTr_h2_RunId_beam_hit_x_st2.png>
Package pdftex.def Info: ../pict/QA_RunByRun_24.12/H1/nVtxTr_h2_RunId_beam_hit_
x_st2.png  used on input line 323.
(pdftex.def)             Requested size: 175.17244pt x 113.81206pt.
<../pict/QA_RunByRun_24.12/nVtxTr_h2_RunId_beam_hit_x_st2.png, id=303, 2505.36p
t x 975.645pt>
File: ../pict/QA_RunByRun_24.12/nVtxTr_h2_RunId_beam_hit_x_st2.png Graphic file
 (type png)
<use ../pict/QA_RunByRun_24.12/nVtxTr_h2_RunId_beam_hit_x_st2.png>
Package pdftex.def Info: ../pict/QA_RunByRun_24.12/nVtxTr_h2_RunId_beam_hit_x_s
t2.png  used on input line 324.
(pdftex.def)             Requested size: 300.29344pt x 116.93835pt.
 [13 <../pict/QA_RunByRun_24.12/H1/nVtxTr_h2_RunId_scwall_q.png> <../pict/QA_Ru
nByRun_24.12/nVtxTr_h2_RunId_scwall_q.png> <../pict/QA_RunByRun_24.12/SiBT.png>
]
<../pict/QA_RunByRun_24.12/H1/nVtxTr_h2_RunId_beam_hit_y_st0.png, id=314, 1501.
61pt x 975.645pt>
File: ../pict/QA_RunByRun_24.12/H1/nVtxTr_h2_RunId_beam_hit_y_st0.png Graphic f
ile (type png)
<use ../pict/QA_RunByRun_24.12/H1/nVtxTr_h2_RunId_beam_hit_y_st0.png>
Package pdftex.def Info: ../pict/QA_RunByRun_24.12/H1/nVtxTr_h2_RunId_beam_hit_
y_st0.png  used on input line 336.
(pdftex.def)             Requested size: 175.17244pt x 113.81206pt.
<../pict/QA_RunByRun_24.12/nVtxTr_h2_RunId_beam_hit_y_st0.png, id=315, 2505.36p
t x 975.645pt>
File: ../pict/QA_RunByRun_24.12/nVtxTr_h2_RunId_beam_hit_y_st0.png Graphic file
 (type png)
<use ../pict/QA_RunByRun_24.12/nVtxTr_h2_RunId_beam_hit_y_st0.png>
Package pdftex.def Info: ../pict/QA_RunByRun_24.12/nVtxTr_h2_RunId_beam_hit_y_s
t0.png  used on input line 337.
(pdftex.def)             Requested size: 300.29344pt x 116.93835pt.
<../pict/QA_RunByRun_24.12/H1/nVtxTr_h2_RunId_beam_hit_y_st1.png, id=316, 1501.
61pt x 975.645pt>
File: ../pict/QA_RunByRun_24.12/H1/nVtxTr_h2_RunId_beam_hit_y_st1.png Graphic f
ile (type png)
<use ../pict/QA_RunByRun_24.12/H1/nVtxTr_h2_RunId_beam_hit_y_st1.png>
Package pdftex.def Info: ../pict/QA_RunByRun_24.12/H1/nVtxTr_h2_RunId_beam_hit_
y_st1.png  used on input line 339.
(pdftex.def)             Requested size: 175.17244pt x 113.81206pt.
<../pict/QA_RunByRun_24.12/nVtxTr_h2_RunId_beam_hit_y_st1.png, id=317, 2505.36p
t x 975.645pt>
File: ../pict/QA_RunByRun_24.12/nVtxTr_h2_RunId_beam_hit_y_st1.png Graphic file
 (type png)
<use ../pict/QA_RunByRun_24.12/nVtxTr_h2_RunId_beam_hit_y_st1.png>
Package pdftex.def Info: ../pict/QA_RunByRun_24.12/nVtxTr_h2_RunId_beam_hit_y_s
t1.png  used on input line 340.
(pdftex.def)             Requested size: 300.29344pt x 116.93835pt.
<../pict/QA_RunByRun_24.12/H1/nVtxTr_h2_RunId_beam_hit_y_st2.png, id=318, 1501.
61pt x 975.645pt>
File: ../pict/QA_RunByRun_24.12/H1/nVtxTr_h2_RunId_beam_hit_y_st2.png Graphic f
ile (type png)
<use ../pict/QA_RunByRun_24.12/H1/nVtxTr_h2_RunId_beam_hit_y_st2.png>
Package pdftex.def Info: ../pict/QA_RunByRun_24.12/H1/nVtxTr_h2_RunId_beam_hit_
y_st2.png  used on input line 342.
(pdftex.def)             Requested size: 175.17244pt x 113.81206pt.
<../pict/QA_RunByRun_24.12/nVtxTr_h2_RunId_beam_hit_y_st2.png, id=319, 2505.36p
t x 975.645pt>
File: ../pict/QA_RunByRun_24.12/nVtxTr_h2_RunId_beam_hit_y_st2.png Graphic file
 (type png)
<use ../pict/QA_RunByRun_24.12/nVtxTr_h2_RunId_beam_hit_y_st2.png>
Package pdftex.def Info: ../pict/QA_RunByRun_24.12/nVtxTr_h2_RunId_beam_hit_y_s
t2.png  used on input line 343.
(pdftex.def)             Requested size: 300.29344pt x 116.93835pt.
 [14 <../pict/QA_RunByRun_24.12/H1/nVtxTr_h2_RunId_beam_hit_x_st0.png> <../pict
/QA_RunByRun_24.12/nVtxTr_h2_RunId_beam_hit_x_st0.png> <../pict/QA_RunByRun_24.
12/H1/nVtxTr_h2_RunId_beam_hit_x_st1.png> <../pict/QA_RunByRun_24.12/nVtxTr_h2_
RunId_beam_hit_x_st1.png> <../pict/QA_RunByRun_24.12/H1/nVtxTr_h2_RunId_beam_hi
t_x_st2.png> <../pict/QA_RunByRun_24.12/nVtxTr_h2_RunId_beam_hit_x_st2.png>]
<../pict/QA_RunByRun_24.12/H1/nVtxTr_h2_RunId_beam_x.png, id=324, 1501.61pt x 9
75.645pt>
File: ../pict/QA_RunByRun_24.12/H1/nVtxTr_h2_RunId_beam_x.png Graphic file (typ
e png)
<use ../pict/QA_RunByRun_24.12/H1/nVtxTr_h2_RunId_beam_x.png>
Package pdftex.def Info: ../pict/QA_RunByRun_24.12/H1/nVtxTr_h2_RunId_beam_x.pn
g  used on input line 355.
(pdftex.def)             Requested size: 175.17244pt x 113.81206pt.
<../pict/QA_RunByRun_24.12/nVtxTr_h2_RunId_beam_x.png, id=325, 2505.36pt x 975.
645pt>
File: ../pict/QA_RunByRun_24.12/nVtxTr_h2_RunId_beam_x.png Graphic file (type p
ng)
<use ../pict/QA_RunByRun_24.12/nVtxTr_h2_RunId_beam_x.png>
Package pdftex.def Info: ../pict/QA_RunByRun_24.12/nVtxTr_h2_RunId_beam_x.png  
used on input line 356.
(pdftex.def)             Requested size: 300.29344pt x 116.93835pt.
<../pict/QA_RunByRun_24.12/H1/nVtxTr_h2_RunId_beam_y.png, id=326, 1501.61pt x 9
75.645pt>
File: ../pict/QA_RunByRun_24.12/H1/nVtxTr_h2_RunId_beam_y.png Graphic file (typ
e png)
<use ../pict/QA_RunByRun_24.12/H1/nVtxTr_h2_RunId_beam_y.png>
Package pdftex.def Info: ../pict/QA_RunByRun_24.12/H1/nVtxTr_h2_RunId_beam_y.pn
g  used on input line 358.
(pdftex.def)             Requested size: 175.17244pt x 113.81206pt.
<../pict/QA_RunByRun_24.12/nVtxTr_h2_RunId_beam_y.png, id=327, 2505.36pt x 975.
645pt>
File: ../pict/QA_RunByRun_24.12/nVtxTr_h2_RunId_beam_y.png Graphic file (type p
ng)
<use ../pict/QA_RunByRun_24.12/nVtxTr_h2_RunId_beam_y.png>
Package pdftex.def Info: ../pict/QA_RunByRun_24.12/nVtxTr_h2_RunId_beam_y.png  
used on input line 359.
(pdftex.def)             Requested size: 300.29344pt x 116.93835pt.
[15 <../pict/QA_RunByRun_24.12/H1/nVtxTr_h2_RunId_beam_hit_y_st0.png> <../pict/
QA_RunByRun_24.12/nVtxTr_h2_RunId_beam_hit_y_st0.png> <../pict/QA_RunByRun_24.1
2/H1/nVtxTr_h2_RunId_beam_hit_y_st1.png> <../pict/QA_RunByRun_24.12/nVtxTr_h2_R
unId_beam_hit_y_st1.png> <../pict/QA_RunByRun_24.12/H1/nVtxTr_h2_RunId_beam_hit
_y_st2.png> <../pict/QA_RunByRun_24.12/nVtxTr_h2_RunId_beam_hit_y_st2.png>]
<../pict/QA_RunByRun_24.12/H1/nVtxTr_h2_RunId_tr_px.png, id=332, 1501.61pt x 97
5.645pt>
File: ../pict/QA_RunByRun_24.12/H1/nVtxTr_h2_RunId_tr_px.png Graphic file (type
 png)
<use ../pict/QA_RunByRun_24.12/H1/nVtxTr_h2_RunId_tr_px.png>
Package pdftex.def Info: ../pict/QA_RunByRun_24.12/H1/nVtxTr_h2_RunId_tr_px.png
  used on input line 374.
(pdftex.def)             Requested size: 175.17244pt x 113.81206pt.
<../pict/QA_RunByRun_24.12/nVtxTr_h2_RunId_tr_px.png, id=333, 2505.36pt x 975.6
45pt>
File: ../pict/QA_RunByRun_24.12/nVtxTr_h2_RunId_tr_px.png Graphic file (type pn
g)
<use ../pict/QA_RunByRun_24.12/nVtxTr_h2_RunId_tr_px.png>
Package pdftex.def Info: ../pict/QA_RunByRun_24.12/nVtxTr_h2_RunId_tr_px.png  u
sed on input line 375.
(pdftex.def)             Requested size: 300.29344pt x 116.93835pt.
<../pict/QA_RunByRun_24.12/H1/nVtxTr_h2_RunId_tr_py.png, id=334, 1501.61pt x 97
5.645pt>
File: ../pict/QA_RunByRun_24.12/H1/nVtxTr_h2_RunId_tr_py.png Graphic file (type
 png)
<use ../pict/QA_RunByRun_24.12/H1/nVtxTr_h2_RunId_tr_py.png>
Package pdftex.def Info: ../pict/QA_RunByRun_24.12/H1/nVtxTr_h2_RunId_tr_py.png
  used on input line 377.
(pdftex.def)             Requested size: 175.17244pt x 113.81206pt.
<../pict/QA_RunByRun_24.12/nVtxTr_h2_RunId_tr_py.png, id=335, 2505.36pt x 975.6
45pt>
File: ../pict/QA_RunByRun_24.12/nVtxTr_h2_RunId_tr_py.png Graphic file (type pn
g)
<use ../pict/QA_RunByRun_24.12/nVtxTr_h2_RunId_tr_py.png>
Package pdftex.def Info: ../pict/QA_RunByRun_24.12/nVtxTr_h2_RunId_tr_py.png  u
sed on input line 378.
(pdftex.def)             Requested size: 300.29344pt x 116.93835pt.
<../pict/QA_RunByRun_24.12/H1/nVtxTr_h2_RunId_tr_pz.png, id=336, 1501.61pt x 97
5.645pt>
File: ../pict/QA_RunByRun_24.12/H1/nVtxTr_h2_RunId_tr_pz.png Graphic file (type
 png)
<use ../pict/QA_RunByRun_24.12/H1/nVtxTr_h2_RunId_tr_pz.png>
Package pdftex.def Info: ../pict/QA_RunByRun_24.12/H1/nVtxTr_h2_RunId_tr_pz.png
  used on input line 380.
(pdftex.def)             Requested size: 175.17244pt x 113.81206pt.
<../pict/QA_RunByRun_24.12/nVtxTr_h2_RunId_tr_pz.png, id=337, 2505.36pt x 975.6
45pt>
File: ../pict/QA_RunByRun_24.12/nVtxTr_h2_RunId_tr_pz.png Graphic file (type pn
g)
<use ../pict/QA_RunByRun_24.12/nVtxTr_h2_RunId_tr_pz.png>
Package pdftex.def Info: ../pict/QA_RunByRun_24.12/nVtxTr_h2_RunId_tr_pz.png  u
sed on input line 381.
(pdftex.def)             Requested size: 300.29344pt x 116.93835pt.

[16 <../pict/QA_RunByRun_24.12/H1/nVtxTr_h2_RunId_beam_x.png> <../pict/QA_RunBy
Run_24.12/nVtxTr_h2_RunId_beam_x.png> <../pict/QA_RunByRun_24.12/H1/nVtxTr_h2_R
unId_beam_y.png> <../pict/QA_RunByRun_24.12/nVtxTr_h2_RunId_beam_y.png>]
<../pict/QA_RunByRun_24.12/H1/nVtxTr_h2_RunId_tr_pT.png, id=342, 1501.61pt x 97
5.645pt>
File: ../pict/QA_RunByRun_24.12/H1/nVtxTr_h2_RunId_tr_pT.png Graphic file (type
 png)
<use ../pict/QA_RunByRun_24.12/H1/nVtxTr_h2_RunId_tr_pT.png>
Package pdftex.def Info: ../pict/QA_RunByRun_24.12/H1/nVtxTr_h2_RunId_tr_pT.png
  used on input line 392.
(pdftex.def)             Requested size: 175.17244pt x 113.81206pt.
<../pict/QA_RunByRun_24.12/nVtxTr_h2_RunId_tr_pT.png, id=343, 2505.36pt x 975.6
45pt>
File: ../pict/QA_RunByRun_24.12/nVtxTr_h2_RunId_tr_pT.png Graphic file (type pn
g)
<use ../pict/QA_RunByRun_24.12/nVtxTr_h2_RunId_tr_pT.png>
Package pdftex.def Info: ../pict/QA_RunByRun_24.12/nVtxTr_h2_RunId_tr_pT.png  u
sed on input line 393.
(pdftex.def)             Requested size: 300.29344pt x 116.93835pt.
<../pict/QA_RunByRun_24.12/H1/nVtxTr_h2_RunId_tr_phi.png, id=344, 1501.61pt x 9
75.645pt>
File: ../pict/QA_RunByRun_24.12/H1/nVtxTr_h2_RunId_tr_phi.png Graphic file (typ
e png)
<use ../pict/QA_RunByRun_24.12/H1/nVtxTr_h2_RunId_tr_phi.png>
Package pdftex.def Info: ../pict/QA_RunByRun_24.12/H1/nVtxTr_h2_RunId_tr_phi.pn
g  used on input line 395.
(pdftex.def)             Requested size: 175.17244pt x 113.81206pt.
<../pict/QA_RunByRun_24.12/nVtxTr_h2_RunId_tr_phi.png, id=345, 2505.36pt x 975.
645pt>
File: ../pict/QA_RunByRun_24.12/nVtxTr_h2_RunId_tr_phi.png Graphic file (type p
ng)
<use ../pict/QA_RunByRun_24.12/nVtxTr_h2_RunId_tr_phi.png>
Package pdftex.def Info: ../pict/QA_RunByRun_24.12/nVtxTr_h2_RunId_tr_phi.png  
used on input line 396.
(pdftex.def)             Requested size: 300.29344pt x 116.93835pt.
<../pict/QA_RunByRun_24.12/H1/nVtxTr_h2_RunId_tr_eta.png, id=346, 1501.61pt x 9
75.645pt>
File: ../pict/QA_RunByRun_24.12/H1/nVtxTr_h2_RunId_tr_eta.png Graphic file (typ
e png)
<use ../pict/QA_RunByRun_24.12/H1/nVtxTr_h2_RunId_tr_eta.png>
Package pdftex.def Info: ../pict/QA_RunByRun_24.12/H1/nVtxTr_h2_RunId_tr_eta.pn
g  used on input line 398.
(pdftex.def)             Requested size: 175.17244pt x 113.81206pt.
<../pict/QA_RunByRun_24.12/nVtxTr_h2_RunId_tr_eta.png, id=347, 2505.36pt x 975.
645pt>
File: ../pict/QA_RunByRun_24.12/nVtxTr_h2_RunId_tr_eta.png Graphic file (type p
ng)
<use ../pict/QA_RunByRun_24.12/nVtxTr_h2_RunId_tr_eta.png>
Package pdftex.def Info: ../pict/QA_RunByRun_24.12/nVtxTr_h2_RunId_tr_eta.png  
used on input line 399.
(pdftex.def)             Requested size: 300.29344pt x 116.93835pt.

[17 <../pict/QA_RunByRun_24.12/H1/nVtxTr_h2_RunId_tr_px.png> <../pict/QA_RunByR
un_24.12/nVtxTr_h2_RunId_tr_px.png> <../pict/QA_RunByRun_24.12/H1/nVtxTr_h2_Run
Id_tr_py.png> <../pict/QA_RunByRun_24.12/nVtxTr_h2_RunId_tr_py.png> <../pict/QA
_RunByRun_24.12/H1/nVtxTr_h2_RunId_tr_pz.png> <../pict/QA_RunByRun_24.12/nVtxTr
_h2_RunId_tr_pz.png>]
<../pict/QA_RunByRun_24.12/H1/nVtxTr_h2_RunId_tr_nhits.png, id=353, 1501.61pt x
 975.645pt>
File: ../pict/QA_RunByRun_24.12/H1/nVtxTr_h2_RunId_tr_nhits.png Graphic file (t
ype png)
<use ../pict/QA_RunByRun_24.12/H1/nVtxTr_h2_RunId_tr_nhits.png>
Package pdftex.def Info: ../pict/QA_RunByRun_24.12/H1/nVtxTr_h2_RunId_tr_nhits.
png  used on input line 410.
(pdftex.def)             Requested size: 175.17244pt x 113.81206pt.
<../pict/QA_RunByRun_24.12/nVtxTr_h2_RunId_tr_nhits.png, id=354, 2505.36pt x 97
5.645pt>
File: ../pict/QA_RunByRun_24.12/nVtxTr_h2_RunId_tr_nhits.png Graphic file (type
 png)
<use ../pict/QA_RunByRun_24.12/nVtxTr_h2_RunId_tr_nhits.png>
Package pdftex.def Info: ../pict/QA_RunByRun_24.12/nVtxTr_h2_RunId_tr_nhits.png
  used on input line 411.
(pdftex.def)             Requested size: 300.29344pt x 116.93835pt.
<../pict/QA_RunByRun_24.12/H1/nVtxTr_h2_RunId_tr_dca_r.png, id=355, 1501.61pt x
 975.645pt>
File: ../pict/QA_RunByRun_24.12/H1/nVtxTr_h2_RunId_tr_dca_r.png Graphic file (t
ype png)
<use ../pict/QA_RunByRun_24.12/H1/nVtxTr_h2_RunId_tr_dca_r.png>
Package pdftex.def Info: ../pict/QA_RunByRun_24.12/H1/nVtxTr_h2_RunId_tr_dca_r.
png  used on input line 413.
(pdftex.def)             Requested size: 175.17244pt x 113.81206pt.
<../pict/QA_RunByRun_24.12/nVtxTr_h2_RunId_tr_dca_r.png, id=356, 2505.36pt x 97
5.645pt>
File: ../pict/QA_RunByRun_24.12/nVtxTr_h2_RunId_tr_dca_r.png Graphic file (type
 png)
<use ../pict/QA_RunByRun_24.12/nVtxTr_h2_RunId_tr_dca_r.png>
Package pdftex.def Info: ../pict/QA_RunByRun_24.12/nVtxTr_h2_RunId_tr_dca_r.png
  used on input line 414.
(pdftex.def)             Requested size: 300.29344pt x 116.93835pt.
 [18 <../pict/QA_RunByRun_24.12/H1/nVtxTr_h2_RunId_tr_pT.png> <../pict/QA_RunBy
Run_24.12/nVtxTr_h2_RunId_tr_pT.png> <../pict/QA_RunByRun_24.12/H1/nVtxTr_h2_Ru
nId_tr_phi.png> <../pict/QA_RunByRun_24.12/nVtxTr_h2_RunId_tr_phi.png> <../pict
/QA_RunByRun_24.12/H1/nVtxTr_h2_RunId_tr_eta.png> <../pict/QA_RunByRun_24.12/nV
txTr_h2_RunId_tr_eta.png>]
<../pict/QA_RunByRun_24.12/H2_NoRuns/cut5_h2_tr_phi_tr_eta.png, id=363, 959.585
pt x 734.745pt>
File: ../pict/QA_RunByRun_24.12/H2_NoRuns/cut5_h2_tr_phi_tr_eta.png Graphic fil
e (type png)
<use ../pict/QA_RunByRun_24.12/H2_NoRuns/cut5_h2_tr_phi_tr_eta.png>
Package pdftex.def Info: ../pict/QA_RunByRun_24.12/H2_NoRuns/cut5_h2_tr_phi_tr_
eta.png  used on input line 425.
(pdftex.def)             Requested size: 160.15854pt x 122.6291pt.
<../pict/QA_RunByRun_24.12/H2_NoRuns/cut5_h2_tr_pT_tr_eta.png, id=364, 959.585p
t x 734.745pt>
File: ../pict/QA_RunByRun_24.12/H2_NoRuns/cut5_h2_tr_pT_tr_eta.png Graphic file
 (type png)
<use ../pict/QA_RunByRun_24.12/H2_NoRuns/cut5_h2_tr_pT_tr_eta.png>
Package pdftex.def Info: ../pict/QA_RunByRun_24.12/H2_NoRuns/cut5_h2_tr_pT_tr_e
ta.png  used on input line 426.
(pdftex.def)             Requested size: 160.15854pt x 122.6291pt.
<../pict/QA_RunByRun_24.12/H2_NoRuns/cut5_h2_tr_pT_tr_phi.png, id=365, 959.585p
t x 734.745pt>
File: ../pict/QA_RunByRun_24.12/H2_NoRuns/cut5_h2_tr_pT_tr_phi.png Graphic file
 (type png)
<use ../pict/QA_RunByRun_24.12/H2_NoRuns/cut5_h2_tr_pT_tr_phi.png>
Package pdftex.def Info: ../pict/QA_RunByRun_24.12/H2_NoRuns/cut5_h2_tr_pT_tr_p
hi.png  used on input line 427.
(pdftex.def)             Requested size: 160.15854pt x 122.6291pt.
<../pict/QA_RunByRun_24.12/H2_NoRuns/cut5_h2_tr_pq_tr_m2_tof400.png, id=366, 95
9.585pt x 734.745pt>
File: ../pict/QA_RunByRun_24.12/H2_NoRuns/cut5_h2_tr_pq_tr_m2_tof400.png Graphi
c file (type png)
<use ../pict/QA_RunByRun_24.12/H2_NoRuns/cut5_h2_tr_pq_tr_m2_tof400.png>
Package pdftex.def Info: ../pict/QA_RunByRun_24.12/H2_NoRuns/cut5_h2_tr_pq_tr_m
2_tof400.png  used on input line 443.
(pdftex.def)             Requested size: 245.2399pt x 187.77791pt.
<../pict/QA_RunByRun_24.12/H2_NoRuns/cut5_h2_tr_pq_tr_m2_tof700.png, id=367, 95
9.585pt x 734.745pt>
File: ../pict/QA_RunByRun_24.12/H2_NoRuns/cut5_h2_tr_pq_tr_m2_tof700.png Graphi
c file (type png)
<use ../pict/QA_RunByRun_24.12/H2_NoRuns/cut5_h2_tr_pq_tr_m2_tof700.png>
Package pdftex.def Info: ../pict/QA_RunByRun_24.12/H2_NoRuns/cut5_h2_tr_pq_tr_m
2_tof700.png  used on input line 444.
(pdftex.def)             Requested size: 245.2399pt x 187.77791pt.
 [19 <../pict/QA_RunByRun_24.12/H1/nVtxTr_h2_RunId_tr_nhits.png> <../pict/QA_Ru
nByRun_24.12/nVtxTr_h2_RunId_tr_nhits.png> <../pict/QA_RunByRun_24.12/H1/nVtxTr
_h2_RunId_tr_dca_r.png> <../pict/QA_RunByRun_24.12/nVtxTr_h2_RunId_tr_dca_r.png
> <../pict/QA_RunByRun_24.12/H2_NoRuns/cut5_h2_tr_phi_tr_eta.png> <../pict/QA_R
unByRun_24.12/H2_NoRuns/cut5_h2_tr_pT_tr_eta.png> <../pict/QA_RunByRun_24.12/H2
_NoRuns/cut5_h2_tr_pT_tr_phi.png>]
<../pict/QA_RunByRun_24.12/proton_m2.png, id=375, 1254.6875pt x 568.1225pt>
File: ../pict/QA_RunByRun_24.12/proton_m2.png Graphic file (type png)
<use ../pict/QA_RunByRun_24.12/proton_m2.png>
Package pdftex.def Info: ../pict/QA_RunByRun_24.12/proton_m2.png  used on input
 line 455.
(pdftex.def)             Requested size: 450.43253pt x 203.95178pt.
<../pict/QA_RunByRun_24.12/pion_plus_m2.png, id=376, 1254.6875pt x 568.1225pt>
File: ../pict/QA_RunByRun_24.12/pion_plus_m2.png Graphic file (type png)
<use ../pict/QA_RunByRun_24.12/pion_plus_m2.png>
Package pdftex.def Info: ../pict/QA_RunByRun_24.12/pion_plus_m2.png  used on in
put line 466.
(pdftex.def)             Requested size: 450.43253pt x 203.95178pt.
 [20 <../pict/QA_RunByRun_24.12/H2_NoRuns/cut5_h2_tr_pq_tr_m2_tof400.png> <../p
ict/QA_RunByRun_24.12/H2_NoRuns/cut5_h2_tr_pq_tr_m2_tof700.png> <../pict/QA_Run
ByRun_24.12/proton_m2.png>]
<../pict/QA_RunByRun_24.12/pion_minus_m2.png, id=384, 1254.6875pt x 568.1225pt>

File: ../pict/QA_RunByRun_24.12/pion_minus_m2.png Graphic file (type png)
<use ../pict/QA_RunByRun_24.12/pion_minus_m2.png>
Package pdftex.def Info: ../pict/QA_RunByRun_24.12/pion_minus_m2.png  used on i
nput line 477.
(pdftex.def)             Requested size: 450.43253pt x 203.95178pt.
 [21 <../pict/QA_RunByRun_24.12/pion_plus_m2.png> <../pict/QA_RunByRun_24.12/pi
on_minus_m2.png>]
<../pict/QA_RunByRun_24.12/H2_NoRuns/cut4_h2_nTracks_stsDigits.png, id=396, 959
.585pt x 734.745pt>
File: ../pict/QA_RunByRun_24.12/H2_NoRuns/cut4_h2_nTracks_stsDigits.png Graphic
 file (type png)
<use ../pict/QA_RunByRun_24.12/H2_NoRuns/cut4_h2_nTracks_stsDigits.png>
Package pdftex.def Info: ../pict/QA_RunByRun_24.12/H2_NoRuns/cut4_h2_nTracks_st
sDigits.png  used on input line 504.
(pdftex.def)             Requested size: 160.15854pt x 122.6291pt.
<../pict/QA_RunByRun_24.12/H2_NoRuns/cut5_h2_nTracks_stsDigits.png, id=397, 959
.585pt x 734.745pt>
File: ../pict/QA_RunByRun_24.12/H2_NoRuns/cut5_h2_nTracks_stsDigits.png Graphic
 file (type png)
<use ../pict/QA_RunByRun_24.12/H2_NoRuns/cut5_h2_nTracks_stsDigits.png>
Package pdftex.def Info: ../pict/QA_RunByRun_24.12/H2_NoRuns/cut5_h2_nTracks_st
sDigits.png  used on input line 505.
(pdftex.def)             Requested size: 160.15854pt x 122.6291pt.
<../pict/QA_RunByRun_24.12/AA_24.04_h2_1d_nTracks.png, id=398, 959.585pt x 734.
745pt>
File: ../pict/QA_RunByRun_24.12/AA_24.04_h2_1d_nTracks.png Graphic file (type p
ng)
<use ../pict/QA_RunByRun_24.12/AA_24.04_h2_1d_nTracks.png>
Package pdftex.def Info: ../pict/QA_RunByRun_24.12/AA_24.04_h2_1d_nTracks.png  
used on input line 506.
(pdftex.def)             Requested size: 160.15854pt x 122.6291pt.


LaTeX Warning: `h' float specifier changed to `ht'.

) [22 <../pict/QA_RunByRun_24.12/H2_NoRuns/cut4_h2_nTracks_stsDigits.png> <../p
ict/QA_RunByRun_24.12/H2_NoRuns/cut5_h2_nTracks_stsDigits.png> <../pict/QA_RunB
yRun_24.12/AA_24.04_h2_1d_nTracks.png>] [23]
\openout2 = `framework.aux'.

 (./framework.tex
LaTeX Font Info:    Trying to load font information for T2A+cmtt on input line 
5.

(/usr/share/texlive/texmf-dist/tex/latex/cyrillic/t2acmtt.fd
File: t2acmtt.fd 2001/08/11 v1.0a Computer Modern Cyrillic font definitions
)
Overfull \hbox (30.67041pt too wide) in paragraph at lines 5--6
[][]$\T2A/cmtt/m/n/14.4 . . /convert _ macro / convertBmn _ run8 . C$[] \T2A/cm
r/m/n/14.4 and []$\T2A/cmtt/m/n/14.4 . . /convert _ macro / run8 _ convert .
 []

[24



]
Overfull \hbox (38.6184pt too wide) in paragraph at lines 24--26
[]\T2A/cmr/m/n/14.4 root -l -q -b con-vertBmn_run8.C'("iFile_dst","iFile_digi",
"iFile_hitInfo","oFile")',
 []

[25] [26] [27]) [28]
\openout2 = `tree.root.aux'.

 (./tree.root.tex [29



] [30]
Overfull \hbox (10.88077pt too wide) in paragraph at lines 69--70
[]\T2A/cmr/m/n/14.4 trParamFirst - vec-tor con-tain-ing in-for-ma-tion about th
e global track: $\OML/cmm/m/it/14.4 x; y; z; T[] \OT1/cmr/m/n/14.4 =
 []


Overfull \hbox (8.21974pt too wide) in paragraph at lines 70--71
[]\T2A/cmr/m/n/14.4 trParamLast - vec-tor con-tain-ing in-for-ma-tion about the
 global track: $\OML/cmm/m/it/14.4 x; y; z; T[] \OT1/cmr/m/n/14.4 =
 []


Overfull \hbox (4.37778pt too wide) in paragraph at lines 75--76
[]\T2A/cmr/m/n/14.4 stsTrackParameters - vec-tor con-tain-ing in-for-ma-tion ab
out the global track:
 []

[31] [32]) [33] [34


] (./main.aux (./QA_section.aux) (./framework.aux)
(./tree.root.aux))

LaTeX Warning: There were undefined references.


LaTeX Warning: There were multiply-defined labels.

Package rerunfilecheck Info: File `main.out' has not changed.
(rerunfilecheck)             Checksum: D2726C2DDF9DA7CE2EF5C510E3733FCC;4164.

Package biblatex Warning: Please (re)run BibTeX on the file(s):
(biblatex)                main
(biblatex)                and rerun LaTeX afterwards.

Package logreq Info: Writing requests to 'main.run.xml'.
\openout1 = `main.run.xml'.

 ) 
Here is how much of TeX's memory you used:
 23723 strings out of 479721
 432031 string characters out of 5887697
 957708 words of memory out of 5000000
 41165 multiletter control sequences out of 15000+600000
 486032 words of font info for 68 fonts, out of 8000000 for 9000
 430 hyphenation exceptions out of 8191
 60i,9n,68p,5498b,3387s stack positions out of 5000i,500n,10000p,200000b,80000s
 </home/aleksandr/.texlive2021/texmf-var/fonts/pk/ljfour/lh/lh-t2a/lati1440.6
00pk> </home/aleksandr/.texlive2021/texmf-var/fonts/pk/ljfour/lh/lh-t2a/latt144
0.600pk> </home/aleksandr/.texlive2021/texmf-var/fonts/pk/ljfour/jknappen/ec/tc
rm1440.600pk> </home/aleksandr/.texlive2021/texmf-var/fonts/pk/ljfour/lh/lh-t2a
/labx1728.600pk> </home/aleksandr/.texlive2021/texmf-var/fonts/pk/ljfour/lh/lh-
t2a/larm0700.600pk> </home/aleksandr/.texlive2021/texmf-var/fonts/pk/ljfour/lh/
lh-t2a/larm1440.600pk> </home/aleksandr/.texlive2021/texmf-var/fonts/pk/ljfour/
lh/lh-t2a/larm1200.600pk> </home/aleksandr/.texlive2021/texmf-var/fonts/pk/ljfo
ur/lh/lh-t2a/larm1000.600pk> </home/aleksandr/.texlive2021/texmf-var/fonts/pk/l
jfour/lh/lh-t2a/labx1440.600pk> </home/aleksandr/.texlive2021/texmf-var/fonts/p
k/ljfour/lh/lh-t2a/larm1728.600pk> </home/aleksandr/.texlive2021/texmf-var/font
s/pk/ljfour/lh/lh-t2a/lass0600.600pk> </home/aleksandr/.texlive2021/texmf-var/f
onts/pk/ljfour/lh/lh-t2a/labx2074.600pk></usr/share/texlive/texmf-dist/fonts/ty
pe1/public/amsfonts/cm/cmex10.pfb></usr/share/texlive/texmf-dist/fonts/type1/pu
blic/amsfonts/cm/cmmi10.pfb></usr/share/texlive/texmf-dist/fonts/type1/public/a
msfonts/cm/cmmi12.pfb></usr/share/texlive/texmf-dist/fonts/type1/public/amsfont
s/cm/cmmi7.pfb></usr/share/texlive/texmf-dist/fonts/type1/public/amsfonts/cm/cm
r10.pfb></usr/share/texlive/texmf-dist/fonts/type1/public/amsfonts/cm/cmr12.pfb
></usr/share/texlive/texmf-dist/fonts/type1/public/amsfonts/cm/cmsy10.pfb>
Output written on main.pdf (34 pages, 3837979 bytes).
PDF statistics:
 911 PDF objects out of 1000 (max. 8388607)
 440 compressed objects within 5 object streams
 107 named destinations out of 1000 (max. 500000)
 620 words of extra memory for PDF output out of 10000 (max. 10000000)

