\BOOKMARK [1][-]{section.1}{\376\377\000Q\000u\000a\000l\000i\000t\000y\000\040\000A\000s\000s\000u\000r\000a\000n\000c\000e\000\040\000\050\000Q\000A\000\051\000\040\000s\000t\000u\000d\000y}{}% 1
\BOOKMARK [2][-]{subsection.1.1}{\376\377\000N\000u\000m\000b\000e\000r\000\040\000o\000f\000\040\000d\000i\000g\000i\000t\000s\000\040\000i\000n\000\040\000t\000h\000e\000\040\000d\000e\000t\000e\000c\000t\000o\000r\000s}{section.1}% 2
\BOOKMARK [2][-]{subsection.1.2}{\376\377\000V\000e\000r\000t\000e\000x\000\040\000p\000o\000s\000i\000t\000i\000o\000n}{section.1}% 3
\BOOKMARK [2][-]{subsection.1.3}{\376\377\000M\000u\000l\000t\000i\000p\000l\000i\000c\000i\000t\000y}{section.1}% 4
\BOOKMARK [2][-]{subsection.1.4}{\376\377\000B\000e\000a\000m\000\040\000s\000c\000i\000n\000t\000i\000l\000l\000a\000t\000i\000o\000n\000\040\000c\000o\000u\000n\000t\000e\000r\000s\000\040\000\050\000B\000C\000\051}{section.1}% 5
\BOOKMARK [2][-]{subsection.1.5}{\376\377\000S\000c\000i\000n\000t\000i\000l\000l\000a\000t\000i\000o\000n\000\040\000V\000e\000t\000o\000\040\000c\000o\000u\000n\000t\000e\000r\000\040\000\050\000V\000C\000\051}{section.1}% 6
\BOOKMARK [2][-]{subsection.1.6}{\376\377\000F\000r\000a\000g\000m\000e\000n\000t\000\040\000D\000e\000t\000e\000c\000t\000o\000r\000\040\000\050\000F\000D\000\051}{section.1}% 7
\BOOKMARK [2][-]{subsection.1.7}{\376\377\000\040\000F\000o\000r\000w\000a\000r\000d\000\040\000H\000a\000d\000r\000o\000n\000\040\000C\000a\000l\000o\000r\000i\000m\000e\000t\000e\000r\000\040\000\050\000F\000H\000C\000a\000l\000\051}{section.1}% 8
\BOOKMARK [2][-]{subsection.1.8}{\376\377\000F\000o\000r\000w\000a\000r\000d\000\040\000Q\000u\000a\000r\000t\000z\000\040\000H\000o\000d\000o\000s\000c\000o\000p\000e\000\040\000\050\000F\000Q\000H\000\051}{section.1}% 9
\BOOKMARK [2][-]{subsection.1.9}{\376\377\000S\000c\000i\000n\000t\000i\000l\000l\000a\000t\000i\000o\000n\000\040\000W\000a\000l\000l\000\040\000\050\000S\000c\000W\000a\000l\000l\000\051}{section.1}% 10
\BOOKMARK [2][-]{subsection.1.10}{\376\377\000S\000i\000l\000i\000c\000o\000n\000\040\000B\000e\000a\000m\000\040\000T\000r\000a\000c\000k\000e\000r\000\040\000\050\000S\000i\000B\000T\000\051}{section.1}% 11
\BOOKMARK [2][-]{subsection.1.11}{\376\377\000G\000l\000o\000b\000a\000l\000\040\000t\000r\000a\000c\000k\000s}{section.1}% 12
\BOOKMARK [2][-]{subsection.1.12}{\376\377\000M\000a\000s\000s\000\040\000s\000q\000u\000a\000r\000e\000d\000\040\000d\000i\000s\000t\000r\000i\000b\000u\000t\000i\000o\000n}{section.1}% 13
\BOOKMARK [2][-]{subsection.1.13}{\376\377\000E\000v\000e\000n\000t\000\040\000s\000e\000l\000e\000c\000t\000i\000o\000n}{section.1}% 14
\BOOKMARK [1][-]{section.2}{\376\377\000F\000r\000a\000m\000e\000w\000o\000r\000k}{}% 15
\BOOKMARK [2][-]{subsection.2.1}{\376\377\000c\000o\000n\000v\000e\000r\000t\000B\000m\000n\000\137\000r\000u\000n\0008\000.\000C\000\040\000m\000a\000c\000r\000o}{section.2}% 16
\BOOKMARK [2][-]{subsection.2.2}{\376\377\000r\000u\000n\0008\000\137\000q\000a\000\137\000n\000e\000w\000.\000C\000\040\000m\000a\000c\000r\000o}{section.2}% 17
\BOOKMARK [2][-]{subsection.2.3}{\376\377\000G\000o\000l\000d\000R\000u\000n\000s\000\137\000s\000c\000r\000i\000p\000t\000.\000C\000\040\000m\000a\000c\000r\000o}{section.2}% 18
\BOOKMARK [2][-]{subsection.2.4}{\376\377\000G\000e\000t\000\137\000V\000t\000x\000X\000Y\000Z\000\137\000c\000o\000r\000r\000R\000u\000n\000I\000d\000.\000C\000\040\000m\000a\000c\000r\000o}{section.2}% 19
\BOOKMARK [2][-]{subsection.2.5}{\376\377\000G\000e\000t\000\137\000G\000r\000a\000p\000h\000i\000C\000u\000t\000s\000\137\000c\000u\000t\000s\000.\000C\000\040\000m\000a\000c\000r\000o}{section.2}% 20
\BOOKMARK [2][-]{subsection.2.6}{\376\377\000G\000e\000t\000\137\000B\000C\0001\000\137\000F\000D\000\137\000c\000u\000t\000s\000.\000C\000\040\000m\000a\000c\000r\000o}{section.2}% 21
\BOOKMARK [2][-]{subsection.2.7}{\376\377\000r\000e\000f\000M\000u\000l\000t\000\137\000c\000o\000r\000r\000.\000C\000\040\000m\000a\000c\000r\000o}{section.2}% 22
\BOOKMARK [1][-]{section.3}{\376\377\000F\000o\000r\000m\000a\000t\000\040\000.\000t\000r\000e\000e\000.\000r\000o\000o\000t}{}% 23
